{"C:\\Users\\ME\\Downloads\\كورس اسبرينت باك اند نود جي اس\\مشروع التخرج المشروع النهائي\\النهائي\\01\\المشروع النهائي بالملفات كاملة\\backend\\src\\app.js": {"path":"C:\\Users\\ME\\Downloads\\كورس اسبرينت باك اند نود جي اس\\مشروع التخرج المشروع النهائي\\النهائي\\01\\المشروع النهائي بالملفات كاملة\\backend\\src\\app.js","statementMap":{"0":{"start":{"line":2,"column":16},"end":{"line":2,"column":34}},"1":{"start":{"line":3,"column":13},"end":{"line":3,"column":28}},"2":{"start":{"line":4,"column":13},"end":{"line":4,"column":28}},"3":{"start":{"line":5,"column":15},"end":{"line":5,"column":32}},"4":{"start":{"line":6,"column":15},"end":{"line":6,"column":32}},"5":{"start":{"line":7,"column":18},"end":{"line":7,"column":47}},"6":{"start":{"line":9,"column":0},"end":{"line":9,"column":24}},"7":{"start":{"line":11,"column":23},"end":{"line":11,"column":56}},"8":{"start":{"line":12,"column":21},"end":{"line":12,"column":57}},"9":{"start":{"line":13,"column":20},"end":{"line":13,"column":45}},"10":{"start":{"line":15,"column":21},"end":{"line":15,"column":56}},"11":{"start":{"line":17,"column":19},"end":{"line":17,"column":49}},"12":{"start":{"line":18,"column":19},"end":{"line":18,"column":49}},"13":{"start":{"line":19,"column":22},"end":{"line":19,"column":55}},"14":{"start":{"line":20,"column":23},"end":{"line":20,"column":57}},"15":{"start":{"line":21,"column":19},"end":{"line":21,"column":49}},"16":{"start":{"line":22,"column":20},"end":{"line":22,"column":51}},"17":{"start":{"line":23,"column":20},"end":{"line":23,"column":51}},"18":{"start":{"line":25,"column":12},"end":{"line":25,"column":21}},"19":{"start":{"line":27,"column":0},"end":{"line":27,"column":18}},"20":{"start":{"line":28,"column":0},"end":{"line":28,"column":16}},"21":{"start":{"line":29,"column":0},"end":{"line":29,"column":24}},"22":{"start":{"line":30,"column":0},"end":{"line":30,"column":48}},"23":{"start":{"line":31,"column":0},"end":{"line":31,"column":76}},"24":{"start":{"line":33,"column":0},"end":{"line":33,"column":64}},"25":{"start":{"line":35,"column":0},"end":{"line":35,"column":38}},"26":{"start":{"line":37,"column":0},"end":{"line":37,"column":31}},"27":{"start":{"line":38,"column":0},"end":{"line":38,"column":36}},"28":{"start":{"line":39,"column":0},"end":{"line":39,"column":37}},"29":{"start":{"line":40,"column":0},"end":{"line":40,"column":43}},"30":{"start":{"line":41,"column":0},"end":{"line":41,"column":46}},"31":{"start":{"line":42,"column":0},"end":{"line":42,"column":37}},"32":{"start":{"line":43,"column":0},"end":{"line":43,"column":39}},"33":{"start":{"line":44,"column":0},"end":{"line":44,"column":38}},"34":{"start":{"line":46,"column":0},"end":{"line":48,"column":3}},"35":{"start":{"line":47,"column":2},"end":{"line":47,"column":29}},"36":{"start":{"line":50,"column":0},"end":{"line":60,"column":3}},"37":{"start":{"line":51,"column":2},"end":{"line":58,"column":3}},"38":{"start":{"line":56,"column":4},"end":{"line":56,"column":56}},"39":{"start":{"line":57,"column":4},"end":{"line":57,"column":11}},"40":{"start":{"line":59,"column":2},"end":{"line":59,"column":9}},"41":{"start":{"line":62,"column":0},"end":{"line":62,"column":22}},"42":{"start":{"line":64,"column":0},"end":{"line":64,"column":21}}},"fnMap":{"0":{"name":"(anonymous_0)","decl":{"start":{"line":46,"column":19},"end":{"line":46,"column":20}},"loc":{"start":{"line":46,"column":34},"end":{"line":48,"column":1}},"line":46},"1":{"name":"(anonymous_1)","decl":{"start":{"line":50,"column":8},"end":{"line":50,"column":9}},"loc":{"start":{"line":50,"column":28},"end":{"line":60,"column":1}},"line":50}},"branchMap":{"0":{"loc":{"start":{"line":31,"column":15},"end":{"line":31,"column":73}},"type":"cond-expr","locations":[{"start":{"line":31,"column":55},"end":{"line":31,"column":65}},{"start":{"line":31,"column":68},"end":{"line":31,"column":73}}],"line":31},"1":{"loc":{"start":{"line":51,"column":2},"end":{"line":58,"column":3}},"type":"if","locations":[{"start":{"line":51,"column":2},"end":{"line":58,"column":3}},{"start":{},"end":{}}],"line":51},"2":{"loc":{"start":{"line":52,"column":4},"end":{"line":54,"column":33}},"type":"binary-expr","locations":[{"start":{"line":52,"column":4},"end":{"line":52,"column":24}},{"start":{"line":53,"column":4},"end":{"line":53,"column":33}},{"start":{"line":54,"column":4},"end":{"line":54,"column":33}}],"line":52}},"s":{"0":3,"1":3,"2":3,"3":3,"4":3,"5":3,"6":3,"7":3,"8":3,"9":3,"10":3,"11":3,"12":3,"13":3,"14":3,"15":3,"16":3,"17":3,"18":3,"19":3,"20":3,"21":3,"22":3,"23":3,"24":3,"25":3,"26":3,"27":3,"28":3,"29":3,"30":3,"31":3,"32":3,"33":3,"34":3,"35":0,"36":3,"37":0,"38":0,"39":0,"40":0,"41":3,"42":3},"f":{"0":0,"1":0},"b":{"0":[0,3],"1":[0,0],"2":[0,0,0]},"_coverageSchema":"1a1c01bbd47fc00a2c39e90264f33305004495a9","hash":"2f77652575f76f61274dbaeed043fd4d7c919669"}
,"C:\\Users\\ME\\Downloads\\كورس اسبرينت باك اند نود جي اس\\مشروع التخرج المشروع النهائي\\النهائي\\01\\المشروع النهائي بالملفات كاملة\\backend\\src\\server.js": {"path":"C:\\Users\\ME\\Downloads\\كورس اسبرينت باك اند نود جي اس\\مشروع التخرج المشروع النهائي\\النهائي\\01\\المشروع النهائي بالملفات كاملة\\backend\\src\\server.js","statementMap":{"0":{"start":{"line":2,"column":13},"end":{"line":2,"column":28}},"1":{"start":{"line":4,"column":0},"end":{"line":4,"column":24}},"2":{"start":{"line":5,"column":26},"end":{"line":5,"column":57}},"3":{"start":{"line":6,"column":12},"end":{"line":6,"column":28}},"4":{"start":{"line":8,"column":13},"end":{"line":8,"column":53}},"5":{"start":{"line":11,"column":2},"end":{"line":48,"column":3}},"6":{"start":{"line":12,"column":4},"end":{"line":12,"column":37}},"7":{"start":{"line":13,"column":19},"end":{"line":13,"column":41}},"8":{"start":{"line":15,"column":4},"end":{"line":31,"column":7}},"9":{"start":{"line":17,"column":6},"end":{"line":27,"column":8}},"10":{"start":{"line":28,"column":6},"end":{"line":30,"column":7}},"11":{"start":{"line":29,"column":8},"end":{"line":29,"column":28}},"12":{"start":{"line":33,"column":21},"end":{"line":40,"column":5}},"13":{"start":{"line":35,"column":6},"end":{"line":35,"column":38}},"14":{"start":{"line":36,"column":6},"end":{"line":39,"column":9}},"15":{"start":{"line":37,"column":8},"end":{"line":37,"column":54}},"16":{"start":{"line":38,"column":8},"end":{"line":38,"column":24}},"17":{"start":{"line":42,"column":4},"end":{"line":42,"column":35}},"18":{"start":{"line":43,"column":4},"end":{"line":43,"column":36}},"19":{"start":{"line":46,"column":4},"end":{"line":46,"column":49}},"20":{"start":{"line":47,"column":4},"end":{"line":47,"column":20}},"21":{"start":{"line":52,"column":14},"end":{"line":52,"column":45}},"22":{"start":{"line":53,"column":2},"end":{"line":59,"column":3}},"23":{"start":{"line":54,"column":30},"end":{"line":54,"column":50}},"24":{"start":{"line":55,"column":4},"end":{"line":55,"column":20}},"25":{"start":{"line":58,"column":4},"end":{"line":58,"column":54}},"26":{"start":{"line":62,"column":0},"end":{"line":62,"column":14}}},"fnMap":{"0":{"name":"startServer","decl":{"start":{"line":10,"column":15},"end":{"line":10,"column":26}},"loc":{"start":{"line":10,"column":29},"end":{"line":49,"column":1}},"line":10},"1":{"name":"(anonymous_1)","decl":{"start":{"line":15,"column":24},"end":{"line":15,"column":25}},"loc":{"start":{"line":15,"column":30},"end":{"line":31,"column":5}},"line":15},"2":{"name":"(anonymous_2)","decl":{"start":{"line":33,"column":21},"end":{"line":33,"column":22}},"loc":{"start":{"line":33,"column":33},"end":{"line":40,"column":5}},"line":33},"3":{"name":"(anonymous_3)","decl":{"start":{"line":36,"column":19},"end":{"line":36,"column":20}},"loc":{"start":{"line":36,"column":31},"end":{"line":39,"column":7}},"line":36},"4":{"name":"(anonymous_4)","decl":{"start":{"line":37,"column":44},"end":{"line":37,"column":45}},"loc":{"start":{"line":37,"column":50},"end":{"line":37,"column":52}},"line":37},"5":{"name":"openSwaggerUI","decl":{"start":{"line":51,"column":15},"end":{"line":51,"column":28}},"loc":{"start":{"line":51,"column":35},"end":{"line":60,"column":1}},"line":51}},"branchMap":{"0":{"loc":{"start":{"line":8,"column":22},"end":{"line":8,"column":48}},"type":"binary-expr","locations":[{"start":{"line":8,"column":22},"end":{"line":8,"column":38}},{"start":{"line":8,"column":42},"end":{"line":8,"column":48}}],"line":8},"1":{"loc":{"start":{"line":28,"column":6},"end":{"line":30,"column":7}},"type":"if","locations":[{"start":{"line":28,"column":6},"end":{"line":30,"column":7}},{"start":{},"end":{}}],"line":28}},"s":{"0":0,"1":0,"2":0,"3":0,"4":0,"5":0,"6":0,"7":0,"8":0,"9":0,"10":0,"11":0,"12":0,"13":0,"14":0,"15":0,"16":0,"17":0,"18":0,"19":0,"20":0,"21":0,"22":0,"23":0,"24":0,"25":0,"26":0},"f":{"0":0,"1":0,"2":0,"3":0,"4":0,"5":0},"b":{"0":[0,0],"1":[0,0]}}
,"C:\\Users\\ME\\Downloads\\كورس اسبرينت باك اند نود جي اس\\مشروع التخرج المشروع النهائي\\النهائي\\01\\المشروع النهائي بالملفات كاملة\\backend\\src\\config\\data-source.js": {"path":"C:\\Users\\ME\\Downloads\\كورس اسبرينت باك اند نود جي اس\\مشروع التخرج المشروع النهائي\\النهائي\\01\\المشروع النهائي بالملفات كاملة\\backend\\src\\config\\data-source.js","statementMap":{"0":{"start":{"line":1,"column":0},"end":{"line":1,"column":28}},"1":{"start":{"line":2,"column":23},"end":{"line":2,"column":41}},"2":{"start":{"line":3,"column":23},"end":{"line":3,"column":39}},"3":{"start":{"line":5,"column":16},"end":{"line":5,"column":46}},"4":{"start":{"line":7,"column":19},"end":{"line":23,"column":1}},"5":{"start":{"line":27,"column":0},"end":{"line":46,"column":1}},"6":{"start":{"line":28,"column":2},"end":{"line":37,"column":5}},"7":{"start":{"line":38,"column":7},"end":{"line":46,"column":1}},"8":{"start":{"line":39,"column":2},"end":{"line":43,"column":5}},"9":{"start":{"line":45,"column":2},"end":{"line":45,"column":52}},"10":{"start":{"line":48,"column":0},"end":{"line":50,"column":2}}},"fnMap":{},"branchMap":{"0":{"loc":{"start":{"line":27,"column":0},"end":{"line":46,"column":1}},"type":"if","locations":[{"start":{"line":27,"column":0},"end":{"line":46,"column":1}},{"start":{"line":38,"column":7},"end":{"line":46,"column":1}}],"line":27},"1":{"loc":{"start":{"line":38,"column":7},"end":{"line":46,"column":1}},"type":"if","locations":[{"start":{"line":38,"column":7},"end":{"line":46,"column":1}},{"start":{"line":44,"column":7},"end":{"line":46,"column":1}}],"line":38}},"s":{"0":3,"1":3,"2":3,"3":3,"4":3,"5":3,"6":0,"7":3,"8":3,"9":0,"10":3},"f":{},"b":{"0":[0,3],"1":[3,0]},"_coverageSchema":"1a1c01bbd47fc00a2c39e90264f33305004495a9","hash":"6a5baf654f8f78966b9b073a06d822c61dfc90ae"}
,"C:\\Users\\ME\\Downloads\\كورس اسبرينت باك اند نود جي اس\\مشروع التخرج المشروع النهائي\\النهائي\\01\\المشروع النهائي بالملفات كاملة\\backend\\src\\config\\env.js": {"path":"C:\\Users\\ME\\Downloads\\كورس اسبرينت باك اند نود جي اس\\مشروع التخرج المشروع النهائي\\النهائي\\01\\المشروع النهائي بالملفات كاملة\\backend\\src\\config\\env.js","statementMap":{"0":{"start":{"line":1,"column":13},"end":{"line":1,"column":28}},"1":{"start":{"line":2,"column":15},"end":{"line":2,"column":32}},"2":{"start":{"line":4,"column":16},"end":{"line":4,"column":70}},"3":{"start":{"line":5,"column":0},"end":{"line":5,"column":62}},"4":{"start":{"line":8,"column":16},"end":{"line":8,"column":33}},"5":{"start":{"line":9,"column":2},"end":{"line":14,"column":3}},"6":{"start":{"line":10,"column":4},"end":{"line":12,"column":5}},"7":{"start":{"line":11,"column":6},"end":{"line":11,"column":22}},"8":{"start":{"line":13,"column":4},"end":{"line":13,"column":60}},"9":{"start":{"line":15,"column":2},"end":{"line":15,"column":15}},"10":{"start":{"line":18,"column":0},"end":{"line":20,"column":2}}},"fnMap":{"0":{"name":"requireEnv","decl":{"start":{"line":7,"column":9},"end":{"line":7,"column":19}},"loc":{"start":{"line":7,"column":36},"end":{"line":16,"column":1}},"line":7}},"branchMap":{"0":{"loc":{"start":{"line":4,"column":16},"end":{"line":4,"column":70}},"type":"cond-expr","locations":[{"start":{"line":4,"column":50},"end":{"line":4,"column":61}},{"start":{"line":4,"column":64},"end":{"line":4,"column":70}}],"line":4},"1":{"loc":{"start":{"line":9,"column":2},"end":{"line":14,"column":3}},"type":"if","locations":[{"start":{"line":9,"column":2},"end":{"line":14,"column":3}},{"start":{},"end":{}}],"line":9},"2":{"loc":{"start":{"line":9,"column":6},"end":{"line":9,"column":41}},"type":"binary-expr","locations":[{"start":{"line":9,"column":6},"end":{"line":9,"column":25}},{"start":{"line":9,"column":29},"end":{"line":9,"column":41}}],"line":9},"3":{"loc":{"start":{"line":10,"column":4},"end":{"line":12,"column":5}},"type":"if","locations":[{"start":{"line":10,"column":4},"end":{"line":12,"column":5}},{"start":{},"end":{}}],"line":10}},"s":{"0":3,"1":3,"2":3,"3":3,"4":12,"5":12,"6":0,"7":0,"8":0,"9":12,"10":3},"f":{"0":12},"b":{"0":[3,0],"1":[0,12],"2":[12,12],"3":[0,0]},"_coverageSchema":"1a1c01bbd47fc00a2c39e90264f33305004495a9","hash":"79a962f13b384468c4fb0272ba12f432870f8544"}
,"C:\\Users\\ME\\Downloads\\كورس اسبرينت باك اند نود جي اس\\مشروع التخرج المشروع النهائي\\النهائي\\01\\المشروع النهائي بالملفات كاملة\\backend\\src\\config\\jwt.js": {"path":"C:\\Users\\ME\\Downloads\\كورس اسبرينت باك اند نود جي اس\\مشروع التخرج المشروع النهائي\\النهائي\\01\\المشروع النهائي بالملفات كاملة\\backend\\src\\config\\jwt.js","statementMap":{"0":{"start":{"line":1,"column":23},"end":{"line":1,"column":39}},"1":{"start":{"line":3,"column":19},"end":{"line":3,"column":62}},"2":{"start":{"line":4,"column":23},"end":{"line":4,"column":58}},"3":{"start":{"line":6,"column":0},"end":{"line":9,"column":2}}},"fnMap":{},"branchMap":{},"s":{"0":3,"1":3,"2":3,"3":3},"f":{},"b":{},"_coverageSchema":"1a1c01bbd47fc00a2c39e90264f33305004495a9","hash":"b7ffbfd539bb5b32d68ab862e7df0f46a99154d4"}
,"C:\\Users\\ME\\Downloads\\كورس اسبرينت باك اند نود جي اس\\مشروع التخرج المشروع النهائي\\النهائي\\01\\المشروع النهائي بالملفات كاملة\\backend\\src\\controllers\\authController.js": {"path":"C:\\Users\\ME\\Downloads\\كورس اسبرينت باك اند نود جي اس\\مشروع التخرج المشروع النهائي\\النهائي\\01\\المشروع النهائي بالملفات كاملة\\backend\\src\\controllers\\authController.js","statementMap":{"0":{"start":{"line":2,"column":20},"end":{"line":2,"column":54}},"1":{"start":{"line":3,"column":17},"end":{"line":3,"column":50}},"2":{"start":{"line":4,"column":46},"end":{"line":4,"column":85}},"3":{"start":{"line":5,"column":25},"end":{"line":5,"column":53}},"4":{"start":{"line":7,"column":17},"end":{"line":19,"column":1}},"5":{"start":{"line":11,"column":4},"end":{"line":17,"column":5}},"6":{"start":{"line":12,"column":44},"end":{"line":12,"column":52}},"7":{"start":{"line":13,"column":21},"end":{"line":13,"column":78}},"8":{"start":{"line":14,"column":6},"end":{"line":14,"column":35}},"9":{"start":{"line":16,"column":6},"end":{"line":16,"column":16}},"10":{"start":{"line":21,"column":14},"end":{"line":33,"column":1}},"11":{"start":{"line":25,"column":4},"end":{"line":31,"column":5}},"12":{"start":{"line":26,"column":34},"end":{"line":26,"column":42}},"13":{"start":{"line":27,"column":21},"end":{"line":27,"column":65}},"14":{"start":{"line":28,"column":6},"end":{"line":28,"column":23}},"15":{"start":{"line":30,"column":6},"end":{"line":30,"column":16}},"16":{"start":{"line":35,"column":15},"end":{"line":52,"column":1}},"17":{"start":{"line":36,"column":2},"end":{"line":51,"column":3}},"18":{"start":{"line":37,"column":23},"end":{"line":37,"column":57}},"19":{"start":{"line":38,"column":18},"end":{"line":38,"column":79}},"20":{"start":{"line":40,"column":4},"end":{"line":42,"column":5}},"21":{"start":{"line":41,"column":6},"end":{"line":41,"column":27}},"22":{"start":{"line":44,"column":20},"end":{"line":44,"column":40}},"23":{"start":{"line":45,"column":16},"end":{"line":45,"column":38}},"24":{"start":{"line":47,"column":4},"end":{"line":47,"column":35}},"25":{"start":{"line":48,"column":4},"end":{"line":48,"column":27}},"26":{"start":{"line":50,"column":4},"end":{"line":50,"column":14}},"27":{"start":{"line":54,"column":0},"end":{"line":58,"column":2}}},"fnMap":{"0":{"name":"(anonymous_0)","decl":{"start":{"line":10,"column":2},"end":{"line":10,"column":3}},"loc":{"start":{"line":10,"column":28},"end":{"line":18,"column":3}},"line":10},"1":{"name":"(anonymous_1)","decl":{"start":{"line":24,"column":2},"end":{"line":24,"column":3}},"loc":{"start":{"line":24,"column":28},"end":{"line":32,"column":3}},"line":24},"2":{"name":"(anonymous_2)","decl":{"start":{"line":35,"column":15},"end":{"line":35,"column":16}},"loc":{"start":{"line":35,"column":41},"end":{"line":52,"column":1}},"line":35}},"branchMap":{"0":{"loc":{"start":{"line":37,"column":23},"end":{"line":37,"column":57}},"type":"binary-expr","locations":[{"start":{"line":37,"column":23},"end":{"line":37,"column":51}},{"start":{"line":37,"column":55},"end":{"line":37,"column":57}}],"line":37},"1":{"loc":{"start":{"line":38,"column":18},"end":{"line":38,"column":79}},"type":"cond-expr","locations":[{"start":{"line":38,"column":53},"end":{"line":38,"column":72}},{"start":{"line":38,"column":75},"end":{"line":38,"column":79}}],"line":38},"2":{"loc":{"start":{"line":40,"column":4},"end":{"line":42,"column":5}},"type":"if","locations":[{"start":{"line":40,"column":4},"end":{"line":42,"column":5}},{"start":{},"end":{}}],"line":40},"3":{"loc":{"start":{"line":45,"column":16},"end":{"line":45,"column":38}},"type":"binary-expr","locations":[{"start":{"line":45,"column":16},"end":{"line":45,"column":23}},{"start":{"line":45,"column":27},"end":{"line":45,"column":38}}],"line":45}},"s":{"0":3,"1":3,"2":3,"3":3,"4":3,"5":1,"6":1,"7":1,"8":1,"9":0,"10":3,"11":8,"12":8,"13":8,"14":8,"15":0,"16":3,"17":0,"18":0,"19":0,"20":0,"21":0,"22":0,"23":0,"24":0,"25":0,"26":0,"27":3},"f":{"0":1,"1":8,"2":0},"b":{"0":[0,0],"1":[0,0],"2":[0,0],"3":[0,0]},"_coverageSchema":"1a1c01bbd47fc00a2c39e90264f33305004495a9","hash":"5afe60427c877047091f20480d864838190ac76e"}
,"C:\\Users\\ME\\Downloads\\كورس اسبرينت باك اند نود جي اس\\مشروع التخرج المشروع النهائي\\النهائي\\01\\المشروع النهائي بالملفات كاملة\\backend\\src\\controllers\\cartController.js": {"path":"C:\\Users\\ME\\Downloads\\كورس اسبرينت باك اند نود جي اس\\مشروع التخرج المشروع النهائي\\النهائي\\01\\المشروع النهائي بالملفات كاملة\\backend\\src\\controllers\\cartController.js","statementMap":{"0":{"start":{"line":2,"column":20},"end":{"line":2,"column":54}},"1":{"start":{"line":3,"column":17},"end":{"line":3,"column":50}},"2":{"start":{"line":4,"column":54},"end":{"line":4,"column":93}},"3":{"start":{"line":6,"column":16},"end":{"line":15,"column":1}},"4":{"start":{"line":8,"column":4},"end":{"line":13,"column":5}},"5":{"start":{"line":9,"column":19},"end":{"line":9,"column":63}},"6":{"start":{"line":10,"column":6},"end":{"line":10,"column":21}},"7":{"start":{"line":12,"column":6},"end":{"line":12,"column":16}},"8":{"start":{"line":17,"column":24},"end":{"line":29,"column":1}},"9":{"start":{"line":21,"column":4},"end":{"line":27,"column":5}},"10":{"start":{"line":22,"column":45},"end":{"line":22,"column":53}},"11":{"start":{"line":23,"column":19},"end":{"line":23,"column":95}},"12":{"start":{"line":24,"column":6},"end":{"line":24,"column":33}},"13":{"start":{"line":26,"column":6},"end":{"line":26,"column":16}},"14":{"start":{"line":31,"column":19},"end":{"line":42,"column":1}},"15":{"start":{"line":35,"column":4},"end":{"line":40,"column":5}},"16":{"start":{"line":36,"column":19},"end":{"line":36,"column":82}},"17":{"start":{"line":37,"column":6},"end":{"line":37,"column":21}},"18":{"start":{"line":39,"column":6},"end":{"line":39,"column":16}},"19":{"start":{"line":44,"column":17},"end":{"line":53,"column":1}},"20":{"start":{"line":46,"column":4},"end":{"line":51,"column":5}},"21":{"start":{"line":47,"column":21},"end":{"line":47,"column":60}},"22":{"start":{"line":48,"column":6},"end":{"line":48,"column":57}},"23":{"start":{"line":50,"column":6},"end":{"line":50,"column":16}},"24":{"start":{"line":55,"column":0},"end":{"line":60,"column":2}}},"fnMap":{"0":{"name":"(anonymous_0)","decl":{"start":{"line":7,"column":2},"end":{"line":7,"column":3}},"loc":{"start":{"line":7,"column":28},"end":{"line":14,"column":3}},"line":7},"1":{"name":"(anonymous_1)","decl":{"start":{"line":20,"column":2},"end":{"line":20,"column":3}},"loc":{"start":{"line":20,"column":28},"end":{"line":28,"column":3}},"line":20},"2":{"name":"(anonymous_2)","decl":{"start":{"line":34,"column":2},"end":{"line":34,"column":3}},"loc":{"start":{"line":34,"column":28},"end":{"line":41,"column":3}},"line":34},"3":{"name":"(anonymous_3)","decl":{"start":{"line":45,"column":2},"end":{"line":45,"column":3}},"loc":{"start":{"line":45,"column":28},"end":{"line":52,"column":3}},"line":45}},"branchMap":{},"s":{"0":3,"1":3,"2":3,"3":3,"4":0,"5":0,"6":0,"7":0,"8":3,"9":2,"10":2,"11":2,"12":2,"13":0,"14":3,"15":0,"16":0,"17":0,"18":0,"19":3,"20":2,"21":2,"22":2,"23":0,"24":3},"f":{"0":0,"1":2,"2":0,"3":2},"b":{},"_coverageSchema":"1a1c01bbd47fc00a2c39e90264f33305004495a9","hash":"9d49f84117b56c91774f4a1f57b57918651be29b"}
,"C:\\Users\\ME\\Downloads\\كورس اسبرينت باك اند نود جي اس\\مشروع التخرج المشروع النهائي\\النهائي\\01\\المشروع النهائي بالملفات كاملة\\backend\\src\\controllers\\categoryController.js": {"path":"C:\\Users\\ME\\Downloads\\كورس اسبرينت باك اند نود جي اس\\مشروع التخرج المشروع النهائي\\النهائي\\01\\المشروع النهائي بالملفات كاملة\\backend\\src\\controllers\\categoryController.js","statementMap":{"0":{"start":{"line":2,"column":24},"end":{"line":2,"column":62}},"1":{"start":{"line":3,"column":17},"end":{"line":3,"column":50}},"2":{"start":{"line":8,"column":4},"end":{"line":8,"column":47}},"3":{"start":{"line":10,"column":23},"end":{"line":19,"column":1}},"4":{"start":{"line":12,"column":4},"end":{"line":17,"column":5}},"5":{"start":{"line":13,"column":25},"end":{"line":13,"column":63}},"6":{"start":{"line":14,"column":6},"end":{"line":14,"column":27}},"7":{"start":{"line":16,"column":6},"end":{"line":16,"column":16}},"8":{"start":{"line":21,"column":20},"end":{"line":32,"column":1}},"9":{"start":{"line":25,"column":4},"end":{"line":30,"column":5}},"10":{"start":{"line":26,"column":23},"end":{"line":26,"column":75}},"11":{"start":{"line":27,"column":6},"end":{"line":27,"column":25}},"12":{"start":{"line":29,"column":6},"end":{"line":29,"column":16}},"13":{"start":{"line":34,"column":23},"end":{"line":46,"column":1}},"14":{"start":{"line":38,"column":4},"end":{"line":44,"column":5}},"15":{"start":{"line":39,"column":36},"end":{"line":39,"column":44}},"16":{"start":{"line":40,"column":23},"end":{"line":40,"column":82}},"17":{"start":{"line":41,"column":6},"end":{"line":41,"column":37}},"18":{"start":{"line":43,"column":6},"end":{"line":43,"column":16}},"19":{"start":{"line":48,"column":23},"end":{"line":60,"column":1}},"20":{"start":{"line":53,"column":4},"end":{"line":58,"column":5}},"21":{"start":{"line":54,"column":23},"end":{"line":54,"column":84}},"22":{"start":{"line":55,"column":6},"end":{"line":55,"column":25}},"23":{"start":{"line":57,"column":6},"end":{"line":57,"column":16}},"24":{"start":{"line":62,"column":23},"end":{"line":73,"column":1}},"25":{"start":{"line":66,"column":4},"end":{"line":71,"column":5}},"26":{"start":{"line":67,"column":21},"end":{"line":67,"column":72}},"27":{"start":{"line":68,"column":6},"end":{"line":68,"column":23}},"28":{"start":{"line":70,"column":6},"end":{"line":70,"column":16}},"29":{"start":{"line":75,"column":0},"end":{"line":81,"column":2}}},"fnMap":{"0":{"name":"(anonymous_0)","decl":{"start":{"line":11,"column":2},"end":{"line":11,"column":3}},"loc":{"start":{"line":11,"column":29},"end":{"line":18,"column":3}},"line":11},"1":{"name":"(anonymous_1)","decl":{"start":{"line":24,"column":2},"end":{"line":24,"column":3}},"loc":{"start":{"line":24,"column":28},"end":{"line":31,"column":3}},"line":24},"2":{"name":"(anonymous_2)","decl":{"start":{"line":37,"column":2},"end":{"line":37,"column":3}},"loc":{"start":{"line":37,"column":28},"end":{"line":45,"column":3}},"line":37},"3":{"name":"(anonymous_3)","decl":{"start":{"line":52,"column":2},"end":{"line":52,"column":3}},"loc":{"start":{"line":52,"column":28},"end":{"line":59,"column":3}},"line":52},"4":{"name":"(anonymous_4)","decl":{"start":{"line":65,"column":2},"end":{"line":65,"column":3}},"loc":{"start":{"line":65,"column":28},"end":{"line":72,"column":3}},"line":65}},"branchMap":{},"s":{"0":3,"1":3,"2":3,"3":3,"4":0,"5":0,"6":0,"7":0,"8":3,"9":0,"10":0,"11":0,"12":0,"13":3,"14":0,"15":0,"16":0,"17":0,"18":0,"19":3,"20":0,"21":0,"22":0,"23":0,"24":3,"25":0,"26":0,"27":0,"28":0,"29":3},"f":{"0":0,"1":0,"2":0,"3":0,"4":0},"b":{},"_coverageSchema":"1a1c01bbd47fc00a2c39e90264f33305004495a9","hash":"9cf992a44f7c8326d5a572aba1a3000d7b3abbc8"}
,"C:\\Users\\ME\\Downloads\\كورس اسبرينت باك اند نود جي اس\\مشروع التخرج المشروع النهائي\\النهائي\\01\\المشروع النهائي بالملفات كاملة\\backend\\src\\controllers\\orderController.js": {"path":"C:\\Users\\ME\\Downloads\\كورس اسبرينت باك اند نود جي اس\\مشروع التخرج المشروع النهائي\\النهائي\\01\\المشروع النهائي بالملفات كاملة\\backend\\src\\controllers\\orderController.js","statementMap":{"0":{"start":{"line":2,"column":21},"end":{"line":2,"column":56}},"1":{"start":{"line":3,"column":17},"end":{"line":3,"column":50}},"2":{"start":{"line":9,"column":4},"end":{"line":9,"column":44}},"3":{"start":{"line":11,"column":19},"end":{"line":23,"column":1}},"4":{"start":{"line":15,"column":4},"end":{"line":21,"column":5}},"5":{"start":{"line":16,"column":30},"end":{"line":16,"column":39}},"6":{"start":{"line":17,"column":21},"end":{"line":17,"column":84}},"7":{"start":{"line":18,"column":6},"end":{"line":18,"column":23}},"8":{"start":{"line":20,"column":6},"end":{"line":20,"column":16}},"9":{"start":{"line":25,"column":17},"end":{"line":36,"column":1}},"10":{"start":{"line":29,"column":4},"end":{"line":34,"column":5}},"11":{"start":{"line":30,"column":20},"end":{"line":30,"column":93}},"12":{"start":{"line":31,"column":6},"end":{"line":31,"column":22}},"13":{"start":{"line":33,"column":6},"end":{"line":33,"column":16}},"14":{"start":{"line":38,"column":24},"end":{"line":50,"column":1}},"15":{"start":{"line":42,"column":4},"end":{"line":48,"column":5}},"16":{"start":{"line":43,"column":38},"end":{"line":43,"column":47}},"17":{"start":{"line":44,"column":21},"end":{"line":44,"column":80}},"18":{"start":{"line":45,"column":6},"end":{"line":45,"column":23}},"19":{"start":{"line":47,"column":6},"end":{"line":47,"column":16}},"20":{"start":{"line":52,"column":22},"end":{"line":63,"column":1}},"21":{"start":{"line":56,"column":4},"end":{"line":61,"column":5}},"22":{"start":{"line":57,"column":20},"end":{"line":57,"column":87}},"23":{"start":{"line":58,"column":6},"end":{"line":58,"column":22}},"24":{"start":{"line":60,"column":6},"end":{"line":60,"column":16}},"25":{"start":{"line":65,"column":26},"end":{"line":77,"column":1}},"26":{"start":{"line":70,"column":4},"end":{"line":75,"column":5}},"27":{"start":{"line":71,"column":20},"end":{"line":71,"column":88}},"28":{"start":{"line":72,"column":6},"end":{"line":72,"column":22}},"29":{"start":{"line":74,"column":6},"end":{"line":74,"column":16}},"30":{"start":{"line":79,"column":19},"end":{"line":88,"column":1}},"31":{"start":{"line":81,"column":4},"end":{"line":86,"column":5}},"32":{"start":{"line":82,"column":22},"end":{"line":82,"column":58}},"33":{"start":{"line":83,"column":6},"end":{"line":83,"column":24}},"34":{"start":{"line":85,"column":6},"end":{"line":85,"column":16}},"35":{"start":{"line":90,"column":0},"end":{"line":97,"column":2}}},"fnMap":{"0":{"name":"(anonymous_0)","decl":{"start":{"line":14,"column":2},"end":{"line":14,"column":3}},"loc":{"start":{"line":14,"column":28},"end":{"line":22,"column":3}},"line":14},"1":{"name":"(anonymous_1)","decl":{"start":{"line":28,"column":2},"end":{"line":28,"column":3}},"loc":{"start":{"line":28,"column":28},"end":{"line":35,"column":3}},"line":28},"2":{"name":"(anonymous_2)","decl":{"start":{"line":41,"column":2},"end":{"line":41,"column":3}},"loc":{"start":{"line":41,"column":28},"end":{"line":49,"column":3}},"line":41},"3":{"name":"(anonymous_3)","decl":{"start":{"line":55,"column":2},"end":{"line":55,"column":3}},"loc":{"start":{"line":55,"column":28},"end":{"line":62,"column":3}},"line":55},"4":{"name":"(anonymous_4)","decl":{"start":{"line":69,"column":2},"end":{"line":69,"column":3}},"loc":{"start":{"line":69,"column":28},"end":{"line":76,"column":3}},"line":69},"5":{"name":"(anonymous_5)","decl":{"start":{"line":80,"column":2},"end":{"line":80,"column":3}},"loc":{"start":{"line":80,"column":29},"end":{"line":87,"column":3}},"line":80}},"branchMap":{},"s":{"0":3,"1":3,"2":3,"3":3,"4":1,"5":1,"6":1,"7":1,"8":0,"9":3,"10":0,"11":0,"12":0,"13":0,"14":3,"15":1,"16":1,"17":1,"18":1,"19":0,"20":3,"21":1,"22":1,"23":1,"24":0,"25":3,"26":0,"27":0,"28":0,"29":0,"30":3,"31":1,"32":1,"33":1,"34":0,"35":3},"f":{"0":1,"1":0,"2":1,"3":1,"4":0,"5":1},"b":{},"_coverageSchema":"1a1c01bbd47fc00a2c39e90264f33305004495a9","hash":"16c9701578dbf74a6222cb9e9d756da1dda3ff66"}
,"C:\\Users\\ME\\Downloads\\كورس اسبرينت باك اند نود جي اس\\مشروع التخرج المشروع النهائي\\النهائي\\01\\المشروع النهائي بالملفات كاملة\\backend\\src\\controllers\\productController.js": {"path":"C:\\Users\\ME\\Downloads\\كورس اسبرينت باك اند نود جي اس\\مشروع التخرج المشروع النهائي\\النهائي\\01\\المشروع النهائي بالملفات كاملة\\backend\\src\\controllers\\productController.js","statementMap":{"0":{"start":{"line":2,"column":23},"end":{"line":2,"column":60}},"1":{"start":{"line":3,"column":17},"end":{"line":3,"column":50}},"2":{"start":{"line":9,"column":4},"end":{"line":9,"column":46}},"3":{"start":{"line":11,"column":21},"end":{"line":23,"column":1}},"4":{"start":{"line":15,"column":4},"end":{"line":21,"column":5}},"5":{"start":{"line":16,"column":68},"end":{"line":16,"column":77}},"6":{"start":{"line":17,"column":21},"end":{"line":17,"column":104}},"7":{"start":{"line":18,"column":6},"end":{"line":18,"column":23}},"8":{"start":{"line":20,"column":6},"end":{"line":20,"column":16}},"9":{"start":{"line":25,"column":19},"end":{"line":36,"column":1}},"10":{"start":{"line":29,"column":4},"end":{"line":34,"column":5}},"11":{"start":{"line":30,"column":22},"end":{"line":30,"column":72}},"12":{"start":{"line":31,"column":6},"end":{"line":31,"column":24}},"13":{"start":{"line":33,"column":6},"end":{"line":33,"column":16}},"14":{"start":{"line":38,"column":22},"end":{"line":50,"column":1}},"15":{"start":{"line":42,"column":4},"end":{"line":48,"column":5}},"16":{"start":{"line":43,"column":62},"end":{"line":43,"column":70}},"17":{"start":{"line":44,"column":22},"end":{"line":44,"column":105}},"18":{"start":{"line":45,"column":6},"end":{"line":45,"column":36}},"19":{"start":{"line":47,"column":6},"end":{"line":47,"column":16}},"20":{"start":{"line":52,"column":22},"end":{"line":64,"column":1}},"21":{"start":{"line":57,"column":4},"end":{"line":62,"column":5}},"22":{"start":{"line":58,"column":22},"end":{"line":58,"column":81}},"23":{"start":{"line":59,"column":6},"end":{"line":59,"column":24}},"24":{"start":{"line":61,"column":6},"end":{"line":61,"column":16}},"25":{"start":{"line":66,"column":22},"end":{"line":77,"column":1}},"26":{"start":{"line":70,"column":4},"end":{"line":75,"column":5}},"27":{"start":{"line":71,"column":21},"end":{"line":71,"column":74}},"28":{"start":{"line":72,"column":6},"end":{"line":72,"column":23}},"29":{"start":{"line":74,"column":6},"end":{"line":74,"column":16}},"30":{"start":{"line":79,"column":0},"end":{"line":85,"column":2}}},"fnMap":{"0":{"name":"(anonymous_0)","decl":{"start":{"line":14,"column":2},"end":{"line":14,"column":3}},"loc":{"start":{"line":14,"column":28},"end":{"line":22,"column":3}},"line":14},"1":{"name":"(anonymous_1)","decl":{"start":{"line":28,"column":2},"end":{"line":28,"column":3}},"loc":{"start":{"line":28,"column":28},"end":{"line":35,"column":3}},"line":28},"2":{"name":"(anonymous_2)","decl":{"start":{"line":41,"column":2},"end":{"line":41,"column":3}},"loc":{"start":{"line":41,"column":28},"end":{"line":49,"column":3}},"line":41},"3":{"name":"(anonymous_3)","decl":{"start":{"line":56,"column":2},"end":{"line":56,"column":3}},"loc":{"start":{"line":56,"column":28},"end":{"line":63,"column":3}},"line":56},"4":{"name":"(anonymous_4)","decl":{"start":{"line":69,"column":2},"end":{"line":69,"column":3}},"loc":{"start":{"line":69,"column":28},"end":{"line":76,"column":3}},"line":69}},"branchMap":{},"s":{"0":3,"1":3,"2":3,"3":3,"4":2,"5":2,"6":2,"7":2,"8":0,"9":3,"10":0,"11":0,"12":0,"13":0,"14":3,"15":3,"16":3,"17":3,"18":3,"19":0,"20":3,"21":0,"22":0,"23":0,"24":0,"25":3,"26":1,"27":1,"28":1,"29":0,"30":3},"f":{"0":2,"1":0,"2":3,"3":0,"4":1},"b":{},"_coverageSchema":"1a1c01bbd47fc00a2c39e90264f33305004495a9","hash":"65d751d90317f399cee444f0032d6788415ae7d5"}
,"C:\\Users\\ME\\Downloads\\كورس اسبرينت باك اند نود جي اس\\مشروع التخرج المشروع النهائي\\النهائي\\01\\المشروع النهائي بالملفات كاملة\\backend\\src\\controllers\\userController.js": {"path":"C:\\Users\\ME\\Downloads\\كورس اسبرينت باك اند نود جي اس\\مشروع التخرج المشروع النهائي\\النهائي\\01\\المشروع النهائي بالملفات كاملة\\backend\\src\\controllers\\userController.js","statementMap":{"0":{"start":{"line":2,"column":20},"end":{"line":2,"column":54}},"1":{"start":{"line":3,"column":20},"end":{"line":3,"column":54}},"2":{"start":{"line":5,"column":14},"end":{"line":15,"column":1}},"3":{"start":{"line":7,"column":4},"end":{"line":13,"column":5}},"4":{"start":{"line":8,"column":19},"end":{"line":8,"column":61}},"5":{"start":{"line":9,"column":25},"end":{"line":9,"column":55}},"6":{"start":{"line":10,"column":6},"end":{"line":10,"column":27}},"7":{"start":{"line":12,"column":6},"end":{"line":12,"column":16}},"8":{"start":{"line":17,"column":0},"end":{"line":19,"column":2}}},"fnMap":{"0":{"name":"(anonymous_0)","decl":{"start":{"line":6,"column":2},"end":{"line":6,"column":3}},"loc":{"start":{"line":6,"column":28},"end":{"line":14,"column":3}},"line":6}},"branchMap":{},"s":{"0":3,"1":3,"2":3,"3":1,"4":1,"5":1,"6":1,"7":0,"8":3},"f":{"0":1},"b":{},"_coverageSchema":"1a1c01bbd47fc00a2c39e90264f33305004495a9","hash":"652e4996ad53709bc476040c0ada263fab213ca9"}
,"C:\\Users\\ME\\Downloads\\كورس اسبرينت باك اند نود جي اس\\مشروع التخرج المشروع النهائي\\النهائي\\01\\المشروع النهائي بالملفات كاملة\\backend\\src\\middleware\\authJwt.js": {"path":"C:\\Users\\ME\\Downloads\\كورس اسبرينت باك اند نود جي اس\\مشروع التخرج المشروع النهائي\\النهائي\\01\\المشروع النهائي بالملفات كاملة\\backend\\src\\middleware\\authJwt.js","statementMap":{"0":{"start":{"line":2,"column":12},"end":{"line":2,"column":35}},"1":{"start":{"line":3,"column":23},"end":{"line":3,"column":47}},"2":{"start":{"line":4,"column":26},"end":{"line":4,"column":58}},"3":{"start":{"line":5,"column":30},"end":{"line":5,"column":74}},"4":{"start":{"line":6,"column":13},"end":{"line":6,"column":38}},"5":{"start":{"line":7,"column":36},"end":{"line":7,"column":64}},"6":{"start":{"line":10,"column":15},"end":{"line":10,"column":48}},"7":{"start":{"line":11,"column":2},"end":{"line":11,"column":49}},"8":{"start":{"line":15,"column":2},"end":{"line":47,"column":4}},"9":{"start":{"line":16,"column":4},"end":{"line":46,"column":5}},"10":{"start":{"line":17,"column":25},"end":{"line":17,"column":59}},"11":{"start":{"line":18,"column":20},"end":{"line":18,"column":81}},"12":{"start":{"line":19,"column":6},"end":{"line":21,"column":7}},"13":{"start":{"line":20,"column":8},"end":{"line":20,"column":29}},"14":{"start":{"line":22,"column":6},"end":{"line":24,"column":7}},"15":{"start":{"line":23,"column":8},"end":{"line":23,"column":29}},"16":{"start":{"line":26,"column":22},"end":{"line":26,"column":51}},"17":{"start":{"line":27,"column":6},"end":{"line":27,"column":37}},"18":{"start":{"line":28,"column":6},"end":{"line":28,"column":28}},"19":{"start":{"line":29,"column":19},"end":{"line":29,"column":46}},"20":{"start":{"line":30,"column":6},"end":{"line":32,"column":7}},"21":{"start":{"line":31,"column":8},"end":{"line":31,"column":29}},"22":{"start":{"line":33,"column":6},"end":{"line":38,"column":8}},"23":{"start":{"line":39,"column":6},"end":{"line":39,"column":13}},"24":{"start":{"line":41,"column":6},"end":{"line":44,"column":7}},"25":{"start":{"line":42,"column":8},"end":{"line":42,"column":29}},"26":{"start":{"line":43,"column":8},"end":{"line":43,"column":15}},"27":{"start":{"line":45,"column":6},"end":{"line":45,"column":16}},"28":{"start":{"line":51,"column":2},"end":{"line":57,"column":4}},"29":{"start":{"line":52,"column":4},"end":{"line":55,"column":5}},"30":{"start":{"line":53,"column":6},"end":{"line":53,"column":24}},"31":{"start":{"line":54,"column":6},"end":{"line":54,"column":13}},"32":{"start":{"line":56,"column":4},"end":{"line":56,"column":11}},"33":{"start":{"line":60,"column":0},"end":{"line":63,"column":2}}},"fnMap":{"0":{"name":"loadUser","decl":{"start":{"line":9,"column":15},"end":{"line":9,"column":23}},"loc":{"start":{"line":9,"column":32},"end":{"line":12,"column":1}},"line":9},"1":{"name":"authenticate","decl":{"start":{"line":14,"column":9},"end":{"line":14,"column":21}},"loc":{"start":{"line":14,"column":24},"end":{"line":48,"column":1}},"line":14},"2":{"name":"(anonymous_2)","decl":{"start":{"line":15,"column":9},"end":{"line":15,"column":10}},"loc":{"start":{"line":15,"column":36},"end":{"line":47,"column":3}},"line":15},"3":{"name":"authorizeAdmin","decl":{"start":{"line":50,"column":9},"end":{"line":50,"column":23}},"loc":{"start":{"line":50,"column":26},"end":{"line":58,"column":1}},"line":50},"4":{"name":"(anonymous_4)","decl":{"start":{"line":51,"column":9},"end":{"line":51,"column":10}},"loc":{"start":{"line":51,"column":30},"end":{"line":57,"column":3}},"line":51}},"branchMap":{"0":{"loc":{"start":{"line":17,"column":25},"end":{"line":17,"column":59}},"type":"binary-expr","locations":[{"start":{"line":17,"column":25},"end":{"line":17,"column":53}},{"start":{"line":17,"column":57},"end":{"line":17,"column":59}}],"line":17},"1":{"loc":{"start":{"line":18,"column":20},"end":{"line":18,"column":81}},"type":"cond-expr","locations":[{"start":{"line":18,"column":55},"end":{"line":18,"column":74}},{"start":{"line":18,"column":77},"end":{"line":18,"column":81}}],"line":18},"2":{"loc":{"start":{"line":19,"column":6},"end":{"line":21,"column":7}},"type":"if","locations":[{"start":{"line":19,"column":6},"end":{"line":21,"column":7}},{"start":{},"end":{}}],"line":19},"3":{"loc":{"start":{"line":22,"column":6},"end":{"line":24,"column":7}},"type":"if","locations":[{"start":{"line":22,"column":6},"end":{"line":24,"column":7}},{"start":{},"end":{}}],"line":22},"4":{"loc":{"start":{"line":30,"column":6},"end":{"line":32,"column":7}},"type":"if","locations":[{"start":{"line":30,"column":6},"end":{"line":32,"column":7}},{"start":{},"end":{}}],"line":30},"5":{"loc":{"start":{"line":41,"column":6},"end":{"line":44,"column":7}},"type":"if","locations":[{"start":{"line":41,"column":6},"end":{"line":44,"column":7}},{"start":{},"end":{}}],"line":41},"6":{"loc":{"start":{"line":41,"column":10},"end":{"line":41,"column":78}},"type":"binary-expr","locations":[{"start":{"line":41,"column":10},"end":{"line":41,"column":42}},{"start":{"line":41,"column":46},"end":{"line":41,"column":78}}],"line":41},"7":{"loc":{"start":{"line":52,"column":4},"end":{"line":55,"column":5}},"type":"if","locations":[{"start":{"line":52,"column":4},"end":{"line":55,"column":5}},{"start":{},"end":{}}],"line":52},"8":{"loc":{"start":{"line":52,"column":8},"end":{"line":52,"column":38}},"type":"binary-expr","locations":[{"start":{"line":52,"column":8},"end":{"line":52,"column":17}},{"start":{"line":52,"column":21},"end":{"line":52,"column":38}}],"line":52}},"s":{"0":3,"1":3,"2":3,"3":3,"4":3,"5":3,"6":13,"7":13,"8":54,"9":13,"10":13,"11":13,"12":13,"13":0,"14":13,"15":0,"16":13,"17":13,"18":13,"19":13,"20":13,"21":0,"22":13,"23":13,"24":0,"25":0,"26":0,"27":0,"28":30,"29":7,"30":0,"31":0,"32":7,"33":3},"f":{"0":13,"1":54,"2":13,"3":30,"4":7},"b":{"0":[13,0],"1":[13,0],"2":[0,13],"3":[0,13],"4":[0,13],"5":[0,0],"6":[0,0],"7":[0,7],"8":[7,7]},"_coverageSchema":"1a1c01bbd47fc00a2c39e90264f33305004495a9","hash":"c167436af90a445ef040fecf7a91faceab2ca641"}
,"C:\\Users\\ME\\Downloads\\كورس اسبرينت باك اند نود جي اس\\مشروع التخرج المشروع النهائي\\النهائي\\01\\المشروع النهائي بالملفات كاملة\\backend\\src\\middleware\\errorHandler.js": {"path":"C:\\Users\\ME\\Downloads\\كورس اسبرينت باك اند نود جي اس\\مشروع التخرج المشروع النهائي\\النهائي\\01\\المشروع النهائي بالملفات كاملة\\backend\\src\\middleware\\errorHandler.js","statementMap":{"0":{"start":{"line":2,"column":21},"end":{"line":2,"column":49}},"1":{"start":{"line":5,"column":21},"end":{"line":5,"column":67}},"2":{"start":{"line":6,"column":18},"end":{"line":6,"column":81}},"3":{"start":{"line":7,"column":2},"end":{"line":10,"column":3}},"4":{"start":{"line":9,"column":4},"end":{"line":9,"column":23}},"5":{"start":{"line":11,"column":2},"end":{"line":11,"column":50}},"6":{"start":{"line":14,"column":0},"end":{"line":14,"column":30}}},"fnMap":{"0":{"name":"errorHandler","decl":{"start":{"line":4,"column":9},"end":{"line":4,"column":21}},"loc":{"start":{"line":4,"column":45},"end":{"line":12,"column":1}},"line":4}},"branchMap":{"0":{"loc":{"start":{"line":5,"column":21},"end":{"line":5,"column":67}},"type":"cond-expr","locations":[{"start":{"line":5,"column":47},"end":{"line":5,"column":61}},{"start":{"line":5,"column":64},"end":{"line":5,"column":67}}],"line":5},"1":{"loc":{"start":{"line":6,"column":18},"end":{"line":6,"column":81}},"type":"cond-expr","locations":[{"start":{"line":6,"column":44},"end":{"line":6,"column":55}},{"start":{"line":6,"column":58},"end":{"line":6,"column":81}}],"line":6},"2":{"loc":{"start":{"line":7,"column":2},"end":{"line":10,"column":3}},"type":"if","locations":[{"start":{"line":7,"column":2},"end":{"line":10,"column":3}},{"start":{},"end":{}}],"line":7}},"s":{"0":3,"1":0,"2":0,"3":0,"4":0,"5":0,"6":3},"f":{"0":0},"b":{"0":[0,0],"1":[0,0],"2":[0,0]},"_coverageSchema":"1a1c01bbd47fc00a2c39e90264f33305004495a9","hash":"a150e1fb9883500b88ef7ab81fab02b7e15a75a9"}
,"C:\\Users\\ME\\Downloads\\كورس اسبرينت باك اند نود جي اس\\مشروع التخرج المشروع النهائي\\النهائي\\01\\المشروع النهائي بالملفات كاملة\\backend\\src\\middleware\\rateLimit.js": {"path":"C:\\Users\\ME\\Downloads\\كورس اسبرينت باك اند نود جي اس\\مشروع التخرج المشروع النهائي\\النهائي\\01\\المشروع النهائي بالملفات كاملة\\backend\\src\\middleware\\rateLimit.js","statementMap":{"0":{"start":{"line":2,"column":18},"end":{"line":2,"column":47}},"1":{"start":{"line":4,"column":21},"end":{"line":10,"column":2}},"2":{"start":{"line":12,"column":19},"end":{"line":17,"column":2}},"3":{"start":{"line":19,"column":0},"end":{"line":22,"column":2}}},"fnMap":{},"branchMap":{},"s":{"0":3,"1":3,"2":3,"3":3},"f":{},"b":{},"_coverageSchema":"1a1c01bbd47fc00a2c39e90264f33305004495a9","hash":"683cef23f9d7677819b61f22a9e4eddcf142a1ca"}
,"C:\\Users\\ME\\Downloads\\كورس اسبرينت باك اند نود جي اس\\مشروع التخرج المشروع النهائي\\النهائي\\01\\المشروع النهائي بالملفات كاملة\\backend\\src\\middleware\\validate.js": {"path":"C:\\Users\\ME\\Downloads\\كورس اسبرينت باك اند نود جي اس\\مشروع التخرج المشروع النهائي\\النهائي\\01\\المشروع النهائي بالملفات كاملة\\backend\\src\\middleware\\validate.js","statementMap":{"0":{"start":{"line":1,"column":29},"end":{"line":1,"column":57}},"1":{"start":{"line":2,"column":23},"end":{"line":2,"column":51}},"2":{"start":{"line":5,"column":17},"end":{"line":5,"column":38}},"3":{"start":{"line":6,"column":2},"end":{"line":13,"column":3}},"4":{"start":{"line":7,"column":20},"end":{"line":10,"column":17}},"5":{"start":{"line":9,"column":20},"end":{"line":9,"column":46}},"6":{"start":{"line":11,"column":4},"end":{"line":11,"column":30}},"7":{"start":{"line":12,"column":4},"end":{"line":12,"column":11}},"8":{"start":{"line":14,"column":2},"end":{"line":14,"column":9}},"9":{"start":{"line":17,"column":0},"end":{"line":17,"column":26}}},"fnMap":{"0":{"name":"validate","decl":{"start":{"line":4,"column":9},"end":{"line":4,"column":17}},"loc":{"start":{"line":4,"column":35},"end":{"line":15,"column":1}},"line":4},"1":{"name":"(anonymous_1)","decl":{"start":{"line":9,"column":11},"end":{"line":9,"column":12}},"loc":{"start":{"line":9,"column":20},"end":{"line":9,"column":46}},"line":9}},"branchMap":{"0":{"loc":{"start":{"line":6,"column":2},"end":{"line":13,"column":3}},"type":"if","locations":[{"start":{"line":6,"column":2},"end":{"line":13,"column":3}},{"start":{},"end":{}}],"line":6}},"s":{"0":3,"1":3,"2":20,"3":20,"4":0,"5":0,"6":0,"7":0,"8":20,"9":3},"f":{"0":20,"1":0},"b":{"0":[0,20]},"_coverageSchema":"1a1c01bbd47fc00a2c39e90264f33305004495a9","hash":"9976fb84ea0879d9a73eac1fba261cb674788707"}
,"C:\\Users\\ME\\Downloads\\كورس اسبرينت باك اند نود جي اس\\مشروع التخرج المشروع النهائي\\النهائي\\01\\المشروع النهائي بالملفات كاملة\\backend\\src\\models\\Cart.js": {"path":"C:\\Users\\ME\\Downloads\\كورس اسبرينت باك اند نود جي اس\\مشروع التخرج المشروع النهائي\\النهائي\\01\\المشروع النهائي بالملفات كاملة\\backend\\src\\models\\Cart.js","statementMap":{"0":{"start":{"line":2,"column":25},"end":{"line":2,"column":43}},"1":{"start":{"line":3,"column":35},"end":{"line":3,"column":68}},"2":{"start":{"line":5,"column":0},"end":{"line":63,"column":3}}},"fnMap":{},"branchMap":{},"s":{"0":3,"1":3,"2":3},"f":{},"b":{},"_coverageSchema":"1a1c01bbd47fc00a2c39e90264f33305004495a9","hash":"35d6c804efb2a0dc4d3d64952d58892dfadbcfce"}
,"C:\\Users\\ME\\Downloads\\كورس اسبرينت باك اند نود جي اس\\مشروع التخرج المشروع النهائي\\النهائي\\01\\المشروع النهائي بالملفات كاملة\\backend\\src\\models\\CartItem.js": {"path":"C:\\Users\\ME\\Downloads\\كورس اسبرينت باك اند نود جي اس\\مشروع التخرج المشروع النهائي\\النهائي\\01\\المشروع النهائي بالملفات كاملة\\backend\\src\\models\\CartItem.js","statementMap":{"0":{"start":{"line":2,"column":25},"end":{"line":2,"column":43}},"1":{"start":{"line":3,"column":35},"end":{"line":3,"column":68}},"2":{"start":{"line":5,"column":0},"end":{"line":60,"column":3}}},"fnMap":{},"branchMap":{},"s":{"0":3,"1":3,"2":3},"f":{},"b":{},"_coverageSchema":"1a1c01bbd47fc00a2c39e90264f33305004495a9","hash":"3bd88a3cee819f9935e5077152fa686a7d5399a7"}
,"C:\\Users\\ME\\Downloads\\كورس اسبرينت باك اند نود جي اس\\مشروع التخرج المشروع النهائي\\النهائي\\01\\المشروع النهائي بالملفات كاملة\\backend\\src\\models\\Category.js": {"path":"C:\\Users\\ME\\Downloads\\كورس اسبرينت باك اند نود جي اس\\مشروع التخرج المشروع النهائي\\النهائي\\01\\المشروع النهائي بالملفات كاملة\\backend\\src\\models\\Category.js","statementMap":{"0":{"start":{"line":2,"column":25},"end":{"line":2,"column":43}},"1":{"start":{"line":3,"column":35},"end":{"line":3,"column":68}},"2":{"start":{"line":5,"column":0},"end":{"line":41,"column":3}}},"fnMap":{},"branchMap":{},"s":{"0":3,"1":3,"2":3},"f":{},"b":{},"_coverageSchema":"1a1c01bbd47fc00a2c39e90264f33305004495a9","hash":"3970e74869bdcc7aa36cfa3fd2f864645d6f4874"}
,"C:\\Users\\ME\\Downloads\\كورس اسبرينت باك اند نود جي اس\\مشروع التخرج المشروع النهائي\\النهائي\\01\\المشروع النهائي بالملفات كاملة\\backend\\src\\models\\Order.js": {"path":"C:\\Users\\ME\\Downloads\\كورس اسبرينت باك اند نود جي اس\\مشروع التخرج المشروع النهائي\\النهائي\\01\\المشروع النهائي بالملفات كاملة\\backend\\src\\models\\Order.js","statementMap":{"0":{"start":{"line":2,"column":25},"end":{"line":2,"column":43}},"1":{"start":{"line":3,"column":35},"end":{"line":3,"column":68}},"2":{"start":{"line":5,"column":0},"end":{"line":76,"column":3}}},"fnMap":{},"branchMap":{},"s":{"0":3,"1":3,"2":3},"f":{},"b":{},"_coverageSchema":"1a1c01bbd47fc00a2c39e90264f33305004495a9","hash":"f4272d9155ac7601b0cea82ea3cb5db352997c62"}
,"C:\\Users\\ME\\Downloads\\كورس اسبرينت باك اند نود جي اس\\مشروع التخرج المشروع النهائي\\النهائي\\01\\المشروع النهائي بالملفات كاملة\\backend\\src\\models\\OrderItem.js": {"path":"C:\\Users\\ME\\Downloads\\كورس اسبرينت باك اند نود جي اس\\مشروع التخرج المشروع النهائي\\النهائي\\01\\المشروع النهائي بالملفات كاملة\\backend\\src\\models\\OrderItem.js","statementMap":{"0":{"start":{"line":1,"column":25},"end":{"line":1,"column":43}},"1":{"start":{"line":2,"column":35},"end":{"line":2,"column":68}},"2":{"start":{"line":4,"column":0},"end":{"line":59,"column":3}}},"fnMap":{},"branchMap":{},"s":{"0":3,"1":3,"2":3},"f":{},"b":{},"_coverageSchema":"1a1c01bbd47fc00a2c39e90264f33305004495a9","hash":"d89d66eaeda675315b9319445e2aea46c2e357ac"}
,"C:\\Users\\ME\\Downloads\\كورس اسبرينت باك اند نود جي اس\\مشروع التخرج المشروع النهائي\\النهائي\\01\\المشروع النهائي بالملفات كاملة\\backend\\src\\models\\Product.js": {"path":"C:\\Users\\ME\\Downloads\\كورس اسبرينت باك اند نود جي اس\\مشروع التخرج المشروع النهائي\\النهائي\\01\\المشروع النهائي بالملفات كاملة\\backend\\src\\models\\Product.js","statementMap":{"0":{"start":{"line":2,"column":25},"end":{"line":2,"column":43}},"1":{"start":{"line":3,"column":35},"end":{"line":3,"column":68}},"2":{"start":{"line":5,"column":0},"end":{"line":74,"column":3}}},"fnMap":{},"branchMap":{},"s":{"0":3,"1":3,"2":3},"f":{},"b":{},"_coverageSchema":"1a1c01bbd47fc00a2c39e90264f33305004495a9","hash":"b8dc4dc3b0cb6e1b8c64b9aefe5406216ccb7171"}
,"C:\\Users\\ME\\Downloads\\كورس اسبرينت باك اند نود جي اس\\مشروع التخرج المشروع النهائي\\النهائي\\01\\المشروع النهائي بالملفات كاملة\\backend\\src\\models\\User.js": {"path":"C:\\Users\\ME\\Downloads\\كورس اسبرينت باك اند نود جي اس\\مشروع التخرج المشروع النهائي\\النهائي\\01\\المشروع النهائي بالملفات كاملة\\backend\\src\\models\\User.js","statementMap":{"0":{"start":{"line":2,"column":25},"end":{"line":2,"column":43}},"1":{"start":{"line":3,"column":35},"end":{"line":3,"column":68}},"2":{"start":{"line":5,"column":0},"end":{"line":57,"column":3}}},"fnMap":{},"branchMap":{},"s":{"0":3,"1":3,"2":3},"f":{},"b":{},"_coverageSchema":"1a1c01bbd47fc00a2c39e90264f33305004495a9","hash":"2762394ea051c6c8e4adda275ec796a56af264da"}
,"C:\\Users\\ME\\Downloads\\كورس اسبرينت باك اند نود جي اس\\مشروع التخرج المشروع النهائي\\النهائي\\01\\المشروع النهائي بالملفات كاملة\\backend\\src\\routes\\adminRoutes.js": {"path":"C:\\Users\\ME\\Downloads\\كورس اسبرينت باك اند نود جي اس\\مشروع التخرج المشروع النهائي\\النهائي\\01\\المشروع النهائي بالملفات كاملة\\backend\\src\\routes\\adminRoutes.js","statementMap":{"0":{"start":{"line":2,"column":19},"end":{"line":2,"column":37}},"1":{"start":{"line":3,"column":24},"end":{"line":3,"column":65}},"2":{"start":{"line":4,"column":41},"end":{"line":4,"column":73}},"3":{"start":{"line":6,"column":15},"end":{"line":6,"column":23}},"4":{"start":{"line":8,"column":0},"end":{"line":8,"column":85}},"5":{"start":{"line":9,"column":0},"end":{"line":9,"column":89}},"6":{"start":{"line":10,"column":0},"end":{"line":10,"column":91}},"7":{"start":{"line":12,"column":0},"end":{"line":12,"column":24}}},"fnMap":{},"branchMap":{},"s":{"0":3,"1":3,"2":3,"3":3,"4":3,"5":3,"6":3,"7":3},"f":{},"b":{},"_coverageSchema":"1a1c01bbd47fc00a2c39e90264f33305004495a9","hash":"e8efdf26a4495beccfbff8436fc9da6259e7133d"}
,"C:\\Users\\ME\\Downloads\\كورس اسبرينت باك اند نود جي اس\\مشروع التخرج المشروع النهائي\\النهائي\\01\\المشروع النهائي بالملفات كاملة\\backend\\src\\routes\\authRoutes.js": {"path":"C:\\Users\\ME\\Downloads\\كورس اسبرينت باك اند نود جي اس\\مشروع التخرج المشروع النهائي\\النهائي\\01\\المشروع النهائي بالملفات كاملة\\backend\\src\\routes\\authRoutes.js","statementMap":{"0":{"start":{"line":2,"column":19},"end":{"line":2,"column":37}},"1":{"start":{"line":3,"column":23},"end":{"line":3,"column":63}},"2":{"start":{"line":4,"column":25},"end":{"line":4,"column":59}},"3":{"start":{"line":5,"column":25},"end":{"line":5,"column":57}},"4":{"start":{"line":7,"column":15},"end":{"line":7,"column":23}},"5":{"start":{"line":9,"column":0},"end":{"line":9,"column":50}},"6":{"start":{"line":10,"column":0},"end":{"line":10,"column":58}},"7":{"start":{"line":11,"column":0},"end":{"line":11,"column":62}},"8":{"start":{"line":13,"column":0},"end":{"line":13,"column":24}}},"fnMap":{},"branchMap":{},"s":{"0":3,"1":3,"2":3,"3":3,"4":3,"5":3,"6":3,"7":3,"8":3},"f":{},"b":{},"_coverageSchema":"1a1c01bbd47fc00a2c39e90264f33305004495a9","hash":"d2dc192e7b5b0674ecdf29561510b0a80f74c589"}
,"C:\\Users\\ME\\Downloads\\كورس اسبرينت باك اند نود جي اس\\مشروع التخرج المشروع النهائي\\النهائي\\01\\المشروع النهائي بالملفات كاملة\\backend\\src\\routes\\cartRoutes.js": {"path":"C:\\Users\\ME\\Downloads\\كورس اسبرينت باك اند نود جي اس\\مشروع التخرج المشروع النهائي\\النهائي\\01\\المشروع النهائي بالملفات كاملة\\backend\\src\\routes\\cartRoutes.js","statementMap":{"0":{"start":{"line":2,"column":19},"end":{"line":2,"column":37}},"1":{"start":{"line":3,"column":23},"end":{"line":3,"column":63}},"2":{"start":{"line":4,"column":25},"end":{"line":4,"column":57}},"3":{"start":{"line":6,"column":15},"end":{"line":6,"column":23}},"4":{"start":{"line":8,"column":0},"end":{"line":8,"column":56}},"5":{"start":{"line":9,"column":0},"end":{"line":9,"column":70}},"6":{"start":{"line":10,"column":0},"end":{"line":10,"column":78}},"7":{"start":{"line":11,"column":0},"end":{"line":11,"column":66}},"8":{"start":{"line":13,"column":0},"end":{"line":13,"column":24}}},"fnMap":{},"branchMap":{},"s":{"0":3,"1":3,"2":3,"3":3,"4":3,"5":3,"6":3,"7":3,"8":3},"f":{},"b":{},"_coverageSchema":"1a1c01bbd47fc00a2c39e90264f33305004495a9","hash":"a21f29bf35e37acedb1814b9d47a99dd5dd2cf64"}
,"C:\\Users\\ME\\Downloads\\كورس اسبرينت باك اند نود جي اس\\مشروع التخرج المشروع النهائي\\النهائي\\01\\المشروع النهائي بالملفات كاملة\\backend\\src\\routes\\categoryRoutes.js": {"path":"C:\\Users\\ME\\Downloads\\كورس اسبرينت باك اند نود جي اس\\مشروع التخرج المشروع النهائي\\النهائي\\01\\المشروع النهائي بالملفات كاملة\\backend\\src\\routes\\categoryRoutes.js","statementMap":{"0":{"start":{"line":2,"column":19},"end":{"line":2,"column":37}},"1":{"start":{"line":3,"column":27},"end":{"line":3,"column":71}},"2":{"start":{"line":4,"column":41},"end":{"line":4,"column":73}},"3":{"start":{"line":6,"column":15},"end":{"line":6,"column":23}},"4":{"start":{"line":8,"column":0},"end":{"line":8,"column":51}},"5":{"start":{"line":9,"column":0},"end":{"line":9,"column":51}},"6":{"start":{"line":10,"column":0},"end":{"line":10,"column":86}},"7":{"start":{"line":11,"column":0},"end":{"line":11,"column":88}},"8":{"start":{"line":12,"column":0},"end":{"line":12,"column":91}},"9":{"start":{"line":14,"column":0},"end":{"line":14,"column":24}}},"fnMap":{},"branchMap":{},"s":{"0":3,"1":3,"2":3,"3":3,"4":3,"5":3,"6":3,"7":3,"8":3,"9":3},"f":{},"b":{},"_coverageSchema":"1a1c01bbd47fc00a2c39e90264f33305004495a9","hash":"03d27dc1cf38733d74c57b6639286315cb398800"}
,"C:\\Users\\ME\\Downloads\\كورس اسبرينت باك اند نود جي اس\\مشروع التخرج المشروع النهائي\\النهائي\\01\\المشروع النهائي بالملفات كاملة\\backend\\src\\routes\\orderRoutes.js": {"path":"C:\\Users\\ME\\Downloads\\كورس اسبرينت باك اند نود جي اس\\مشروع التخرج المشروع النهائي\\النهائي\\01\\المشروع النهائي بالملفات كاملة\\backend\\src\\routes\\orderRoutes.js","statementMap":{"0":{"start":{"line":2,"column":19},"end":{"line":2,"column":37}},"1":{"start":{"line":3,"column":24},"end":{"line":3,"column":65}},"2":{"start":{"line":4,"column":41},"end":{"line":4,"column":73}},"3":{"start":{"line":6,"column":15},"end":{"line":6,"column":23}},"4":{"start":{"line":8,"column":0},"end":{"line":8,"column":60}},"5":{"start":{"line":9,"column":0},"end":{"line":9,"column":61}},"6":{"start":{"line":11,"column":0},"end":{"line":11,"column":97}},"7":{"start":{"line":13,"column":0},"end":{"line":13,"column":24}}},"fnMap":{},"branchMap":{},"s":{"0":3,"1":3,"2":3,"3":3,"4":3,"5":3,"6":3,"7":3},"f":{},"b":{},"_coverageSchema":"1a1c01bbd47fc00a2c39e90264f33305004495a9","hash":"852f7d8ada053550b34e1475547ad60e340df99e"}
,"C:\\Users\\ME\\Downloads\\كورس اسبرينت باك اند نود جي اس\\مشروع التخرج المشروع النهائي\\النهائي\\01\\المشروع النهائي بالملفات كاملة\\backend\\src\\routes\\productRoutes.js": {"path":"C:\\Users\\ME\\Downloads\\كورس اسبرينت باك اند نود جي اس\\مشروع التخرج المشروع النهائي\\النهائي\\01\\المشروع النهائي بالملفات كاملة\\backend\\src\\routes\\productRoutes.js","statementMap":{"0":{"start":{"line":2,"column":19},"end":{"line":2,"column":37}},"1":{"start":{"line":3,"column":26},"end":{"line":3,"column":69}},"2":{"start":{"line":4,"column":41},"end":{"line":4,"column":73}},"3":{"start":{"line":6,"column":15},"end":{"line":6,"column":23}},"4":{"start":{"line":8,"column":0},"end":{"line":8,"column":48}},"5":{"start":{"line":9,"column":0},"end":{"line":9,"column":49}},"6":{"start":{"line":10,"column":0},"end":{"line":10,"column":84}},"7":{"start":{"line":11,"column":0},"end":{"line":11,"column":86}},"8":{"start":{"line":12,"column":0},"end":{"line":12,"column":89}},"9":{"start":{"line":14,"column":0},"end":{"line":14,"column":24}}},"fnMap":{},"branchMap":{},"s":{"0":3,"1":3,"2":3,"3":3,"4":3,"5":3,"6":3,"7":3,"8":3,"9":3},"f":{},"b":{},"_coverageSchema":"1a1c01bbd47fc00a2c39e90264f33305004495a9","hash":"7c918a3d4f6365e11db14150f7959d84be3bf124"}
,"C:\\Users\\ME\\Downloads\\كورس اسبرينت باك اند نود جي اس\\مشروع التخرج المشروع النهائي\\النهائي\\01\\المشروع النهائي بالملفات كاملة\\backend\\src\\routes\\userRoutes.js": {"path":"C:\\Users\\ME\\Downloads\\كورس اسبرينت باك اند نود جي اس\\مشروع التخرج المشروع النهائي\\النهائي\\01\\المشروع النهائي بالملفات كاملة\\backend\\src\\routes\\userRoutes.js","statementMap":{"0":{"start":{"line":2,"column":19},"end":{"line":2,"column":37}},"1":{"start":{"line":3,"column":23},"end":{"line":3,"column":63}},"2":{"start":{"line":4,"column":25},"end":{"line":4,"column":57}},"3":{"start":{"line":6,"column":15},"end":{"line":6,"column":23}},"4":{"start":{"line":8,"column":0},"end":{"line":8,"column":56}},"5":{"start":{"line":10,"column":0},"end":{"line":10,"column":24}}},"fnMap":{},"branchMap":{},"s":{"0":3,"1":3,"2":3,"3":3,"4":3,"5":3},"f":{},"b":{},"_coverageSchema":"1a1c01bbd47fc00a2c39e90264f33305004495a9","hash":"cccff34e75516148601c6007fec53384b4dc0836"}
,"C:\\Users\\ME\\Downloads\\كورس اسبرينت باك اند نود جي اس\\مشروع التخرج المشروع النهائي\\النهائي\\01\\المشروع النهائي بالملفات كاملة\\backend\\src\\services\\authService.js": {"path":"C:\\Users\\ME\\Downloads\\كورس اسبرينت باك اند نود جي اس\\مشروع التخرج المشروع النهائي\\النهائي\\01\\المشروع النهائي بالملفات كاملة\\backend\\src\\services\\authService.js","statementMap":{"0":{"start":{"line":1,"column":12},"end":{"line":1,"column":35}},"1":{"start":{"line":2,"column":39},"end":{"line":2,"column":63}},"2":{"start":{"line":3,"column":20},"end":{"line":3,"column":44}},"3":{"start":{"line":4,"column":30},"end":{"line":4,"column":64}},"4":{"start":{"line":5,"column":25},"end":{"line":5,"column":53}},"5":{"start":{"line":8,"column":42},"end":{"line":8,"column":46}},"6":{"start":{"line":9,"column":2},"end":{"line":9,"column":20}},"7":{"start":{"line":13,"column":18},"end":{"line":17,"column":3}},"8":{"start":{"line":18,"column":2},"end":{"line":18,"column":70}},"9":{"start":{"line":22,"column":15},"end":{"line":22,"column":74}},"10":{"start":{"line":23,"column":16},"end":{"line":23,"column":31}},"11":{"start":{"line":24,"column":2},"end":{"line":24,"column":45}},"12":{"start":{"line":28,"column":15},"end":{"line":28,"column":69}},"13":{"start":{"line":29,"column":2},"end":{"line":31,"column":3}},"14":{"start":{"line":30,"column":4},"end":{"line":30,"column":52}},"15":{"start":{"line":32,"column":16},"end":{"line":32,"column":31}},"16":{"start":{"line":33,"column":2},"end":{"line":33,"column":45}},"17":{"start":{"line":37,"column":2},"end":{"line":37,"column":40}},"18":{"start":{"line":40,"column":0},"end":{"line":45,"column":2}}},"fnMap":{"0":{"name":"toPublicUser","decl":{"start":{"line":7,"column":9},"end":{"line":7,"column":21}},"loc":{"start":{"line":7,"column":28},"end":{"line":10,"column":1}},"line":7},"1":{"name":"signToken","decl":{"start":{"line":12,"column":9},"end":{"line":12,"column":18}},"loc":{"start":{"line":12,"column":25},"end":{"line":19,"column":1}},"line":12},"2":{"name":"register","decl":{"start":{"line":21,"column":15},"end":{"line":21,"column":23}},"loc":{"start":{"line":21,"column":55},"end":{"line":25,"column":1}},"line":21},"3":{"name":"login","decl":{"start":{"line":27,"column":15},"end":{"line":27,"column":20}},"loc":{"start":{"line":27,"column":42},"end":{"line":34,"column":1}},"line":27},"4":{"name":"logout","decl":{"start":{"line":36,"column":9},"end":{"line":36,"column":15}},"loc":{"start":{"line":36,"column":28},"end":{"line":38,"column":1}},"line":36}},"branchMap":{"0":{"loc":{"start":{"line":29,"column":2},"end":{"line":31,"column":3}},"type":"if","locations":[{"start":{"line":29,"column":2},"end":{"line":31,"column":3}},{"start":{},"end":{}}],"line":29}},"s":{"0":3,"1":3,"2":3,"3":3,"4":3,"5":10,"6":10,"7":9,"8":9,"9":1,"10":1,"11":1,"12":8,"13":8,"14":0,"15":8,"16":8,"17":0,"18":3},"f":{"0":10,"1":9,"2":1,"3":8,"4":0},"b":{"0":[0,8]},"_coverageSchema":"1a1c01bbd47fc00a2c39e90264f33305004495a9","hash":"ffc4e8c366c82393e6fa098eab08d2a24bf31a45"}
,"C:\\Users\\ME\\Downloads\\كورس اسبرينت باك اند نود جي اس\\مشروع التخرج المشروع النهائي\\النهائي\\01\\المشروع النهائي بالملفات كاملة\\backend\\src\\services\\cartService.js": {"path":"C:\\Users\\ME\\Downloads\\كورس اسبرينت باك اند نود جي اس\\مشروع التخرج المشروع النهائي\\النهائي\\01\\المشروع النهائي بالملفات كاملة\\backend\\src\\services\\cartService.js","statementMap":{"0":{"start":{"line":1,"column":26},"end":{"line":1,"column":58}},"1":{"start":{"line":2,"column":13},"end":{"line":2,"column":38}},"2":{"start":{"line":3,"column":17},"end":{"line":3,"column":46}},"3":{"start":{"line":4,"column":14},"end":{"line":4,"column":40}},"4":{"start":{"line":5,"column":18},"end":{"line":5,"column":48}},"5":{"start":{"line":6,"column":40},"end":{"line":6,"column":67}},"6":{"start":{"line":7,"column":33},"end":{"line":7,"column":61}},"7":{"start":{"line":10,"column":2},"end":{"line":10,"column":43}},"8":{"start":{"line":14,"column":2},"end":{"line":14,"column":47}},"9":{"start":{"line":18,"column":2},"end":{"line":18,"column":44}},"10":{"start":{"line":22,"column":15},"end":{"line":22,"column":25}},"11":{"start":{"line":23,"column":13},"end":{"line":26,"column":4}},"12":{"start":{"line":27,"column":2},"end":{"line":31,"column":3}},"13":{"start":{"line":28,"column":4},"end":{"line":28,"column":90}},"14":{"start":{"line":29,"column":4},"end":{"line":29,"column":33}},"15":{"start":{"line":30,"column":4},"end":{"line":30,"column":20}},"16":{"start":{"line":32,"column":2},"end":{"line":32,"column":14}},"17":{"start":{"line":36,"column":19},"end":{"line":36,"column":85}},"18":{"start":{"line":36,"column":52},"end":{"line":36,"column":81}},"19":{"start":{"line":37,"column":2},"end":{"line":37,"column":27}},"20":{"start":{"line":38,"column":2},"end":{"line":38,"column":24}},"21":{"start":{"line":39,"column":2},"end":{"line":39,"column":14}},"22":{"start":{"line":43,"column":2},"end":{"line":45,"column":3}},"23":{"start":{"line":44,"column":4},"end":{"line":44,"column":60}},"24":{"start":{"line":46,"column":22},"end":{"line":46,"column":55}},"25":{"start":{"line":47,"column":2},"end":{"line":47,"column":30}},"26":{"start":{"line":48,"column":2},"end":{"line":48,"column":39}},"27":{"start":{"line":49,"column":2},"end":{"line":97,"column":3}},"28":{"start":{"line":50,"column":20},"end":{"line":50,"column":39}},"29":{"start":{"line":51,"column":15},"end":{"line":54,"column":6}},"30":{"start":{"line":55,"column":4},"end":{"line":59,"column":5}},"31":{"start":{"line":56,"column":6},"end":{"line":56,"column":115}},"32":{"start":{"line":57,"column":6},"end":{"line":57,"column":58}},"33":{"start":{"line":58,"column":6},"end":{"line":58,"column":22}},"34":{"start":{"line":61,"column":20},"end":{"line":61,"column":67}},"35":{"start":{"line":63,"column":15},"end":{"line":63,"column":79}},"36":{"start":{"line":63,"column":45},"end":{"line":63,"column":78}},"37":{"start":{"line":64,"column":4},"end":{"line":79,"column":5}},"38":{"start":{"line":65,"column":6},"end":{"line":71,"column":9}},"39":{"start":{"line":72,"column":6},"end":{"line":72,"column":55}},"40":{"start":{"line":73,"column":6},"end":{"line":73,"column":28}},"41":{"start":{"line":75,"column":6},"end":{"line":75,"column":31}},"42":{"start":{"line":76,"column":6},"end":{"line":76,"column":37}},"43":{"start":{"line":77,"column":6},"end":{"line":77,"column":57}},"44":{"start":{"line":78,"column":6},"end":{"line":78,"column":55}},"45":{"start":{"line":81,"column":4},"end":{"line":81,"column":26}},"46":{"start":{"line":82,"column":4},"end":{"line":82,"column":49}},"47":{"start":{"line":84,"column":4},"end":{"line":84,"column":42}},"48":{"start":{"line":86,"column":4},"end":{"line":89,"column":7}},"49":{"start":{"line":91,"column":4},"end":{"line":91,"column":33}},"50":{"start":{"line":93,"column":4},"end":{"line":93,"column":44}},"51":{"start":{"line":94,"column":4},"end":{"line":94,"column":14}},"52":{"start":{"line":96,"column":4},"end":{"line":96,"column":32}},"53":{"start":{"line":101,"column":15},"end":{"line":101,"column":25}},"54":{"start":{"line":102,"column":15},"end":{"line":105,"column":4}},"55":{"start":{"line":106,"column":2},"end":{"line":108,"column":3}},"56":{"start":{"line":107,"column":4},"end":{"line":107,"column":37}},"57":{"start":{"line":109,"column":15},"end":{"line":109,"column":79}},"58":{"start":{"line":109,"column":45},"end":{"line":109,"column":78}},"59":{"start":{"line":110,"column":2},"end":{"line":112,"column":3}},"60":{"start":{"line":111,"column":4},"end":{"line":111,"column":42}},"61":{"start":{"line":113,"column":2},"end":{"line":113,"column":36}},"62":{"start":{"line":114,"column":2},"end":{"line":114,"column":82}},"63":{"start":{"line":114,"column":47},"end":{"line":114,"column":80}},"64":{"start":{"line":115,"column":2},"end":{"line":115,"column":24}},"65":{"start":{"line":116,"column":2},"end":{"line":116,"column":24}},"66":{"start":{"line":117,"column":2},"end":{"line":117,"column":14}},"67":{"start":{"line":121,"column":22},"end":{"line":121,"column":55}},"68":{"start":{"line":122,"column":2},"end":{"line":122,"column":30}},"69":{"start":{"line":123,"column":2},"end":{"line":123,"column":39}},"70":{"start":{"line":124,"column":2},"end":{"line":176,"column":3}},"71":{"start":{"line":125,"column":20},"end":{"line":125,"column":39}},"72":{"start":{"line":126,"column":17},"end":{"line":129,"column":6}},"73":{"start":{"line":130,"column":4},"end":{"line":132,"column":5}},"74":{"start":{"line":131,"column":6},"end":{"line":131,"column":40}},"75":{"start":{"line":134,"column":4},"end":{"line":134,"column":26}},"76":{"start":{"line":136,"column":4},"end":{"line":138,"column":5}},"77":{"start":{"line":137,"column":6},"end":{"line":137,"column":65}},"78":{"start":{"line":140,"column":4},"end":{"line":142,"column":5}},"79":{"start":{"line":141,"column":6},"end":{"line":141,"column":68}},"80":{"start":{"line":144,"column":18},"end":{"line":151,"column":6}},"81":{"start":{"line":152,"column":23},"end":{"line":152,"column":69}},"82":{"start":{"line":154,"column":23},"end":{"line":162,"column":6}},"83":{"start":{"line":155,"column":6},"end":{"line":161,"column":9}},"84":{"start":{"line":163,"column":4},"end":{"line":163,"column":60}},"85":{"start":{"line":165,"column":4},"end":{"line":165,"column":32}},"86":{"start":{"line":166,"column":4},"end":{"line":166,"column":49}},"87":{"start":{"line":168,"column":4},"end":{"line":168,"column":42}},"88":{"start":{"line":170,"column":4},"end":{"line":170,"column":38}},"89":{"start":{"line":172,"column":4},"end":{"line":172,"column":44}},"90":{"start":{"line":173,"column":4},"end":{"line":173,"column":14}},"91":{"start":{"line":175,"column":4},"end":{"line":175,"column":32}},"92":{"start":{"line":179,"column":0},"end":{"line":185,"column":2}}},"fnMap":{"0":{"name":"cartRepo","decl":{"start":{"line":9,"column":9},"end":{"line":9,"column":17}},"loc":{"start":{"line":9,"column":20},"end":{"line":11,"column":1}},"line":9},"1":{"name":"cartItemRepo","decl":{"start":{"line":13,"column":9},"end":{"line":13,"column":21}},"loc":{"start":{"line":13,"column":24},"end":{"line":15,"column":1}},"line":13},"2":{"name":"orderRepo","decl":{"start":{"line":17,"column":9},"end":{"line":17,"column":18}},"loc":{"start":{"line":17,"column":21},"end":{"line":19,"column":1}},"line":17},"3":{"name":"getActiveCart","decl":{"start":{"line":21,"column":15},"end":{"line":21,"column":28}},"loc":{"start":{"line":21,"column":37},"end":{"line":33,"column":1}},"line":21},"4":{"name":"calculateTotals","decl":{"start":{"line":35,"column":9},"end":{"line":35,"column":24}},"loc":{"start":{"line":35,"column":31},"end":{"line":40,"column":1}},"line":35},"5":{"name":"(anonymous_5)","decl":{"start":{"line":36,"column":37},"end":{"line":36,"column":38}},"loc":{"start":{"line":36,"column":52},"end":{"line":36,"column":81}},"line":36},"6":{"name":"addOrUpdateItem","decl":{"start":{"line":42,"column":15},"end":{"line":42,"column":30}},"loc":{"start":{"line":42,"column":64},"end":{"line":98,"column":1}},"line":42},"7":{"name":"(anonymous_7)","decl":{"start":{"line":63,"column":31},"end":{"line":63,"column":32}},"loc":{"start":{"line":63,"column":45},"end":{"line":63,"column":78}},"line":63},"8":{"name":"removeItem","decl":{"start":{"line":100,"column":15},"end":{"line":100,"column":25}},"loc":{"start":{"line":100,"column":45},"end":{"line":118,"column":1}},"line":100},"9":{"name":"(anonymous_9)","decl":{"start":{"line":109,"column":31},"end":{"line":109,"column":32}},"loc":{"start":{"line":109,"column":45},"end":{"line":109,"column":78}},"line":109},"10":{"name":"(anonymous_10)","decl":{"start":{"line":114,"column":33},"end":{"line":114,"column":34}},"loc":{"start":{"line":114,"column":47},"end":{"line":114,"column":80}},"line":114},"11":{"name":"checkout","decl":{"start":{"line":120,"column":15},"end":{"line":120,"column":23}},"loc":{"start":{"line":120,"column":32},"end":{"line":177,"column":1}},"line":120},"12":{"name":"(anonymous_12)","decl":{"start":{"line":154,"column":38},"end":{"line":154,"column":39}},"loc":{"start":{"line":154,"column":48},"end":{"line":162,"column":5}},"line":154}},"branchMap":{"0":{"loc":{"start":{"line":27,"column":2},"end":{"line":31,"column":3}},"type":"if","locations":[{"start":{"line":27,"column":2},"end":{"line":31,"column":3}},{"start":{},"end":{}}],"line":27},"1":{"loc":{"start":{"line":43,"column":2},"end":{"line":45,"column":3}},"type":"if","locations":[{"start":{"line":43,"column":2},"end":{"line":45,"column":3}},{"start":{},"end":{}}],"line":43},"2":{"loc":{"start":{"line":43,"column":6},"end":{"line":43,"column":46}},"type":"binary-expr","locations":[{"start":{"line":43,"column":6},"end":{"line":43,"column":16}},{"start":{"line":43,"column":20},"end":{"line":43,"column":29}},{"start":{"line":43,"column":33},"end":{"line":43,"column":46}}],"line":43},"3":{"loc":{"start":{"line":55,"column":4},"end":{"line":59,"column":5}},"type":"if","locations":[{"start":{"line":55,"column":4},"end":{"line":59,"column":5}},{"start":{},"end":{}}],"line":55},"4":{"loc":{"start":{"line":64,"column":4},"end":{"line":79,"column":5}},"type":"if","locations":[{"start":{"line":64,"column":4},"end":{"line":79,"column":5}},{"start":{"line":74,"column":11},"end":{"line":79,"column":5}}],"line":64},"5":{"loc":{"start":{"line":106,"column":2},"end":{"line":108,"column":3}},"type":"if","locations":[{"start":{"line":106,"column":2},"end":{"line":108,"column":3}},{"start":{},"end":{}}],"line":106},"6":{"loc":{"start":{"line":110,"column":2},"end":{"line":112,"column":3}},"type":"if","locations":[{"start":{"line":110,"column":2},"end":{"line":112,"column":3}},{"start":{},"end":{}}],"line":110},"7":{"loc":{"start":{"line":130,"column":4},"end":{"line":132,"column":5}},"type":"if","locations":[{"start":{"line":130,"column":4},"end":{"line":132,"column":5}},{"start":{},"end":{}}],"line":130},"8":{"loc":{"start":{"line":130,"column":8},"end":{"line":130,"column":40}},"type":"binary-expr","locations":[{"start":{"line":130,"column":8},"end":{"line":130,"column":13}},{"start":{"line":130,"column":17},"end":{"line":130,"column":40}}],"line":130}},"s":{"0":3,"1":3,"2":3,"3":3,"4":3,"5":3,"6":3,"7":0,"8":0,"9":0,"10":0,"11":0,"12":0,"13":0,"14":0,"15":0,"16":0,"17":6,"18":6,"19":6,"20":6,"21":6,"22":2,"23":0,"24":2,"25":2,"26":2,"27":2,"28":2,"29":2,"30":2,"31":2,"32":2,"33":2,"34":2,"35":2,"36":0,"37":2,"38":2,"39":2,"40":2,"41":0,"42":0,"43":0,"44":0,"45":2,"46":2,"47":2,"48":2,"49":2,"50":0,"51":0,"52":2,"53":0,"54":0,"55":0,"56":0,"57":0,"58":0,"59":0,"60":0,"61":0,"62":0,"63":0,"64":0,"65":0,"66":0,"67":2,"68":2,"69":2,"70":2,"71":2,"72":2,"73":2,"74":0,"75":2,"76":2,"77":2,"78":2,"79":2,"80":2,"81":2,"82":2,"83":2,"84":2,"85":2,"86":2,"87":2,"88":2,"89":0,"90":0,"91":2,"92":3},"f":{"0":0,"1":0,"2":0,"3":0,"4":6,"5":6,"6":2,"7":0,"8":0,"9":0,"10":0,"11":2,"12":2},"b":{"0":[0,0],"1":[0,2],"2":[2,2,2],"3":[2,0],"4":[2,0],"5":[0,0],"6":[0,0],"7":[0,2],"8":[2,2]},"_coverageSchema":"1a1c01bbd47fc00a2c39e90264f33305004495a9","hash":"5201ee0adeff58b0d35b23ec1b1eb1cc5df3597a"}
,"C:\\Users\\ME\\Downloads\\كورس اسبرينت باك اند نود جي اس\\مشروع التخرج المشروع النهائي\\النهائي\\01\\المشروع النهائي بالملفات كاملة\\backend\\src\\services\\categoryService.js": {"path":"C:\\Users\\ME\\Downloads\\كورس اسبرينت باك اند نود جي اس\\مشروع التخرج المشروع النهائي\\النهائي\\01\\المشروع النهائي بالملفات كاملة\\backend\\src\\services\\categoryService.js","statementMap":{"0":{"start":{"line":1,"column":26},"end":{"line":1,"column":58}},"1":{"start":{"line":2,"column":17},"end":{"line":2,"column":46}},"2":{"start":{"line":3,"column":31},"end":{"line":3,"column":59}},"3":{"start":{"line":6,"column":2},"end":{"line":6,"column":47}},"4":{"start":{"line":10,"column":15},"end":{"line":10,"column":29}},"5":{"start":{"line":11,"column":2},"end":{"line":11,"column":47}},"6":{"start":{"line":15,"column":15},"end":{"line":15,"column":29}},"7":{"start":{"line":16,"column":19},"end":{"line":16,"column":56}},"8":{"start":{"line":17,"column":2},"end":{"line":19,"column":3}},"9":{"start":{"line":18,"column":4},"end":{"line":18,"column":41}},"10":{"start":{"line":20,"column":2},"end":{"line":20,"column":18}},"11":{"start":{"line":24,"column":15},"end":{"line":24,"column":29}},"12":{"start":{"line":25,"column":17},"end":{"line":25,"column":56}},"13":{"start":{"line":26,"column":2},"end":{"line":28,"column":3}},"14":{"start":{"line":27,"column":4},"end":{"line":27,"column":46}},"15":{"start":{"line":29,"column":19},"end":{"line":29,"column":53}},"16":{"start":{"line":30,"column":2},"end":{"line":30,"column":29}},"17":{"start":{"line":34,"column":15},"end":{"line":34,"column":29}},"18":{"start":{"line":35,"column":19},"end":{"line":35,"column":44}},"19":{"start":{"line":36,"column":2},"end":{"line":42,"column":3}},"20":{"start":{"line":37,"column":19},"end":{"line":37,"column":72}},"21":{"start":{"line":38,"column":4},"end":{"line":40,"column":5}},"22":{"start":{"line":39,"column":6},"end":{"line":39,"column":48}},"23":{"start":{"line":41,"column":4},"end":{"line":41,"column":33}},"24":{"start":{"line":43,"column":2},"end":{"line":45,"column":3}},"25":{"start":{"line":44,"column":4},"end":{"line":44,"column":47}},"26":{"start":{"line":46,"column":2},"end":{"line":46,"column":29}},"27":{"start":{"line":50,"column":15},"end":{"line":50,"column":29}},"28":{"start":{"line":51,"column":19},"end":{"line":51,"column":44}},"29":{"start":{"line":52,"column":2},"end":{"line":52,"column":30}},"30":{"start":{"line":53,"column":2},"end":{"line":53,"column":27}},"31":{"start":{"line":56,"column":0},"end":{"line":62,"column":2}}},"fnMap":{"0":{"name":"categoryRepo","decl":{"start":{"line":5,"column":9},"end":{"line":5,"column":21}},"loc":{"start":{"line":5,"column":24},"end":{"line":7,"column":1}},"line":5},"1":{"name":"listCategories","decl":{"start":{"line":9,"column":15},"end":{"line":9,"column":29}},"loc":{"start":{"line":9,"column":32},"end":{"line":12,"column":1}},"line":9},"2":{"name":"getCategoryById","decl":{"start":{"line":14,"column":15},"end":{"line":14,"column":30}},"loc":{"start":{"line":14,"column":35},"end":{"line":21,"column":1}},"line":14},"3":{"name":"createCategory","decl":{"start":{"line":23,"column":15},"end":{"line":23,"column":29}},"loc":{"start":{"line":23,"column":53},"end":{"line":31,"column":1}},"line":23},"4":{"name":"updateCategory","decl":{"start":{"line":33,"column":15},"end":{"line":33,"column":29}},"loc":{"start":{"line":33,"column":43},"end":{"line":47,"column":1}},"line":33},"5":{"name":"deleteCategory","decl":{"start":{"line":49,"column":15},"end":{"line":49,"column":29}},"loc":{"start":{"line":49,"column":34},"end":{"line":54,"column":1}},"line":49}},"branchMap":{"0":{"loc":{"start":{"line":17,"column":2},"end":{"line":19,"column":3}},"type":"if","locations":[{"start":{"line":17,"column":2},"end":{"line":19,"column":3}},{"start":{},"end":{}}],"line":17},"1":{"loc":{"start":{"line":26,"column":2},"end":{"line":28,"column":3}},"type":"if","locations":[{"start":{"line":26,"column":2},"end":{"line":28,"column":3}},{"start":{},"end":{}}],"line":26},"2":{"loc":{"start":{"line":36,"column":2},"end":{"line":42,"column":3}},"type":"if","locations":[{"start":{"line":36,"column":2},"end":{"line":42,"column":3}},{"start":{},"end":{}}],"line":36},"3":{"loc":{"start":{"line":36,"column":6},"end":{"line":36,"column":52}},"type":"binary-expr","locations":[{"start":{"line":36,"column":6},"end":{"line":36,"column":18}},{"start":{"line":36,"column":22},"end":{"line":36,"column":52}}],"line":36},"4":{"loc":{"start":{"line":38,"column":4},"end":{"line":40,"column":5}},"type":"if","locations":[{"start":{"line":38,"column":4},"end":{"line":40,"column":5}},{"start":{},"end":{}}],"line":38},"5":{"loc":{"start":{"line":43,"column":2},"end":{"line":45,"column":3}},"type":"if","locations":[{"start":{"line":43,"column":2},"end":{"line":45,"column":3}},{"start":{},"end":{}}],"line":43}},"s":{"0":3,"1":3,"2":3,"3":0,"4":0,"5":0,"6":0,"7":0,"8":0,"9":0,"10":0,"11":0,"12":0,"13":0,"14":0,"15":0,"16":0,"17":0,"18":0,"19":0,"20":0,"21":0,"22":0,"23":0,"24":0,"25":0,"26":0,"27":0,"28":0,"29":0,"30":0,"31":3},"f":{"0":0,"1":0,"2":0,"3":0,"4":0,"5":0},"b":{"0":[0,0],"1":[0,0],"2":[0,0],"3":[0,0],"4":[0,0],"5":[0,0]},"_coverageSchema":"1a1c01bbd47fc00a2c39e90264f33305004495a9","hash":"9bf37a86bdcaaa3f912866ac413ac70e33e2d46b"}
[...]
,"C:\\Users\\ME\\Downloads\\كورس اسبرينت باك اند نود جي اس\\مشروع التخرج المشروع النهائي\\النهائي\\01\\المشروع النهائي بالملفات كاملة\\backend\\src\\services\\tokenBlacklistService.js": {"path":"C:\\Users\\ME\\Downloads\\كورس اسبرينت باك اند نود جي اس\\مشروع التخرج المشروع النهائي\\النهائي\\01\\المشروع النهائي بالملفات كاملة\\backend\\src\\services\\tokenBlacklistService.js","statementMap":{"0":{"start":{"line":1,"column":18},"end":{"line":1,"column":27}},"1":{"start":{"line":4,"column":16},"end":{"line":4,"column":56}},"2":{"start":{"line":5,"column":2},"end":{"line":7,"column":3}},"3":{"start":{"line":6,"column":4},"end":{"line":6,"column":11}},"4":{"start":{"line":8,"column":2},"end":{"line":10,"column":12}},"5":{"start":{"line":9,"column":4},"end":{"line":9,"column":28}},"6":{"start":{"line":15,"column":2},"end":{"line":19,"column":3}},"7":{"start":{"line":16,"column":4},"end":{"line":16,"column":32}},"8":{"start":{"line":18,"column":4},"end":{"line":18,"column":54}},"9":{"start":{"line":20,"column":2},"end":{"line":20,"column":39}},"10":{"start":{"line":21,"column":2},"end":{"line":21,"column":41}},"11":{"start":{"line":25,"column":25},"end":{"line":25,"column":45}},"12":{"start":{"line":26,"column":2},"end":{"line":28,"column":3}},"13":{"start":{"line":27,"column":4},"end":{"line":27,"column":17}},"14":{"start":{"line":29,"column":2},"end":{"line":32,"column":3}},"15":{"start":{"line":30,"column":4},"end":{"line":30,"column":28}},"16":{"start":{"line":31,"column":4},"end":{"line":31,"column":17}},"17":{"start":{"line":33,"column":2},"end":{"line":33,"column":14}},"18":{"start":{"line":36,"column":0},"end":{"line":39,"column":2}}},"fnMap":{"0":{"name":"scheduleRemoval","decl":{"start":{"line":3,"column":9},"end":{"line":3,"column":24}},"loc":{"start":{"line":3,"column":48},"end":{"line":11,"column":1}},"line":3},"1":{"name":"(anonymous_1)","decl":{"start":{"line":8,"column":13},"end":{"line":8,"column":14}},"loc":{"start":{"line":8,"column":19},"end":{"line":10,"column":3}},"line":8},"2":{"name":"add","decl":{"start":{"line":13,"column":9},"end":{"line":13,"column":12}},"loc":{"start":{"line":13,"column":25},"end":{"line":22,"column":1}},"line":13},"3":{"name":"isBlacklisted","decl":{"start":{"line":24,"column":9},"end":{"line":24,"column":22}},"loc":{"start":{"line":24,"column":30},"end":{"line":34,"column":1}},"line":24}},"branchMap":{"0":{"loc":{"start":{"line":5,"column":2},"end":{"line":7,"column":3}},"type":"if","locations":[{"start":{"line":5,"column":2},"end":{"line":7,"column":3}},{"start":{},"end":{}}],"line":5},"1":{"loc":{"start":{"line":15,"column":2},"end":{"line":19,"column":3}},"type":"if","locations":[{"start":{"line":15,"column":2},"end":{"line":19,"column":3}},{"start":{"line":17,"column":9},"end":{"line":19,"column":3}}],"line":15},"2":{"loc":{"start":{"line":26,"column":2},"end":{"line":28,"column":3}},"type":"if","locations":[{"start":{"line":26,"column":2},"end":{"line":28,"column":3}},{"start":{},"end":{}}],"line":26},"3":{"loc":{"start":{"line":29,"column":2},"end":{"line":32,"column":3}},"type":"if","locations":[{"start":{"line":29,"column":2},"end":{"line":32,"column":3}},{"start":{},"end":{}}],"line":29}},"s":{"0":3,"1":0,"2":0,"3":0,"4":0,"5":0,"6":0,"7":0,"8":0,"9":0,"10":0,"11":13,"12":13,"13":13,"14":0,"15":0,"16":0,"17":0,"18":3},"f":{"0":0,"1":0,"2":0,"3":13},"b":{"0":[0,0],"1":[0,0],"2":[13,0],"3":[0,0]},"_coverageSchema":"1a1c01bbd47fc00a2c39e90264f33305004495a9","hash":"27c91b764959f81994dc9ed78fb6c116ab4387a1"}
,"C:\\Users\\ME\\Downloads\\كورس اسبرينت باك اند نود جي اس\\مشروع التخرج المشروع النهائي\\النهائي\\01\\المشروع النهائي بالملفات كاملة\\backend\\src\\services\\userService.js": {"path":"C:\\Users\\ME\\Downloads\\كورس اسبرينت باك اند نود جي اس\\مشروع التخرج المشروع النهائي\\النهائي\\01\\المشروع النهائي بالملفات كاملة\\backend\\src\\services\\userService.js","statementMap":{"0":{"start":{"line":1,"column":15},"end":{"line":1,"column":32}},"1":{"start":{"line":2,"column":26},"end":{"line":2,"column":58}},"2":{"start":{"line":3,"column":13},"end":{"line":3,"column":38}},"3":{"start":{"line":4,"column":31},"end":{"line":4,"column":59}},"4":{"start":{"line":6,"column":20},"end":{"line":6,"column":22}},"5":{"start":{"line":9,"column":2},"end":{"line":9,"column":43}},"6":{"start":{"line":13,"column":2},"end":{"line":13,"column":44}},"7":{"start":{"line":17,"column":15},"end":{"line":17,"column":28}},"8":{"start":{"line":18,"column":19},"end":{"line":18,"column":75}},"9":{"start":{"line":19,"column":2},"end":{"line":21,"column":3}},"10":{"start":{"line":20,"column":4},"end":{"line":20,"column":55}},"11":{"start":{"line":22,"column":23},"end":{"line":22,"column":51}},"12":{"start":{"line":23,"column":15},"end":{"line":23,"column":70}},"13":{"start":{"line":24,"column":2},"end":{"line":24,"column":24}},"14":{"start":{"line":25,"column":51},"end":{"line":25,"column":55}},"15":{"start":{"line":26,"column":2},"end":{"line":26,"column":19}},"16":{"start":{"line":30,"column":15},"end":{"line":30,"column":28}},"17":{"start":{"line":31,"column":15},"end":{"line":31,"column":55}},"18":{"start":{"line":32,"column":2},"end":{"line":34,"column":3}},"19":{"start":{"line":33,"column":4},"end":{"line":33,"column":16}},"20":{"start":{"line":35,"column":16},"end":{"line":35,"column":65}},"21":{"start":{"line":36,"column":2},"end":{"line":38,"column":3}},"22":{"start":{"line":37,"column":4},"end":{"line":37,"column":16}},"23":{"start":{"line":39,"column":2},"end":{"line":39,"column":14}},"24":{"start":{"line":43,"column":15},"end":{"line":43,"column":28}},"25":{"start":{"line":44,"column":15},"end":{"line":44,"column":52}},"26":{"start":{"line":45,"column":2},"end":{"line":47,"column":3}},"27":{"start":{"line":46,"column":4},"end":{"line":46,"column":37}},"28":{"start":{"line":48,"column":2},"end":{"line":48,"column":14}},"29":{"start":{"line":51,"column":0},"end":{"line":55,"column":2}}},"fnMap":{"0":{"name":"getUserRepo","decl":{"start":{"line":8,"column":9},"end":{"line":8,"column":20}},"loc":{"start":{"line":8,"column":23},"end":{"line":10,"column":1}},"line":8},"1":{"name":"hashPassword","decl":{"start":{"line":12,"column":15},"end":{"line":12,"column":27}},"loc":{"start":{"line":12,"column":38},"end":{"line":14,"column":1}},"line":12},"2":{"name":"createUser","decl":{"start":{"line":16,"column":15},"end":{"line":16,"column":25}},"loc":{"start":{"line":16,"column":74},"end":{"line":27,"column":1}},"line":16},"3":{"name":"validateCredentials","decl":{"start":{"line":29,"column":15},"end":{"line":29,"column":34}},"loc":{"start":{"line":29,"column":52},"end":{"line":40,"column":1}},"line":29},"4":{"name":"getUserById","decl":{"start":{"line":42,"column":15},"end":{"line":42,"column":26}},"loc":{"start":{"line":42,"column":31},"end":{"line":49,"column":1}},"line":42}},"branchMap":{"0":{"loc":{"start":{"line":16,"column":55},"end":{"line":16,"column":70}},"type":"default-arg","locations":[{"start":{"line":16,"column":65},"end":{"line":16,"column":70}}],"line":16},"1":{"loc":{"start":{"line":19,"column":2},"end":{"line":21,"column":3}},"type":"if","locations":[{"start":{"line":19,"column":2},"end":{"line":21,"column":3}},{"start":{},"end":{}}],"line":19},"2":{"loc":{"start":{"line":32,"column":2},"end":{"line":34,"column":3}},"type":"if","locations":[{"start":{"line":32,"column":2},"end":{"line":34,"column":3}},{"start":{},"end":{}}],"line":32},"3":{"loc":{"start":{"line":36,"column":2},"end":{"line":38,"column":3}},"type":"if","locations":[{"start":{"line":36,"column":2},"end":{"line":38,"column":3}},{"start":{},"end":{}}],"line":36},"4":{"loc":{"start":{"line":45,"column":2},"end":{"line":47,"column":3}},"type":"if","locations":[{"start":{"line":45,"column":2},"end":{"line":47,"column":3}},{"start":{},"end":{}}],"line":45}},"s":{"0":3,"1":3,"2":3,"3":3,"4":3,"5":10,"6":1,"7":1,"8":1,"9":1,"10":0,"11":1,"12":1,"13":1,"14":1,"15":1,"16":8,"17":8,"18":8,"19":0,"20":8,"21":8,"22":0,"23":8,"24":1,"25":1,"26":1,"27":0,"28":1,"29":3},"f":{"0":10,"1":1,"2":1,"3":8,"4":1},"b":{"0":[1],"1":[0,1],"2":[0,8],"3":[0,8],"4":[0,1]},"_coverageSchema":"1a1c01bbd47fc00a2c39e90264f33305004495a9","hash":"3376ff620c98785c1ab57b1a3f9177b181b16f26"}
,"C:\\Users\\ME\\Downloads\\كورس اسبرينت باك اند نود جي اس\\مشروع التخرج المشروع النهائي\\النهائي\\01\\المشروع النهائي بالملفات كاملة\\backend\\src\\utils\\apiError.js": {"path":"C:\\Users\\ME\\Downloads\\كورس اسبرينت باك اند نود جي اس\\مشروع التخرج المشروع النهائي\\النهائي\\01\\المشروع النهائي بالملفات كاملة\\backend\\src\\utils\\apiError.js","statementMap":{"0":{"start":{"line":3,"column":4},"end":{"line":3,"column":19}},"1":{"start":{"line":4,"column":4},"end":{"line":4,"column":27}},"2":{"start":{"line":5,"column":4},"end":{"line":5,"column":33}},"3":{"start":{"line":10,"column":2},"end":{"line":10,"column":36}},"4":{"start":{"line":14,"column":2},"end":{"line":14,"column":36}},"5":{"start":{"line":18,"column":2},"end":{"line":18,"column":36}},"6":{"start":{"line":22,"column":2},"end":{"line":22,"column":36}},"7":{"start":{"line":26,"column":2},"end":{"line":26,"column":36}},"8":{"start":{"line":30,"column":2},"end":{"line":30,"column":36}},"9":{"start":{"line":33,"column":0},"end":{"line":41,"column":2}}},"fnMap":{"0":{"name":"(anonymous_0)","decl":{"start":{"line":2,"column":2},"end":{"line":2,"column":3}},"loc":{"start":{"line":2,"column":35},"end":{"line":6,"column":3}},"line":2},"1":{"name":"badRequest","decl":{"start":{"line":9,"column":9},"end":{"line":9,"column":19}},"loc":{"start":{"line":9,"column":29},"end":{"line":11,"column":1}},"line":9},"2":{"name":"unauthorized","decl":{"start":{"line":13,"column":9},"end":{"line":13,"column":21}},"loc":{"start":{"line":13,"column":48},"end":{"line":15,"column":1}},"line":13},"3":{"name":"forbidden","decl":{"start":{"line":17,"column":9},"end":{"line":17,"column":18}},"loc":{"start":{"line":17,"column":42},"end":{"line":19,"column":1}},"line":17},"4":{"name":"notFound","decl":{"start":{"line":21,"column":9},"end":{"line":21,"column":17}},"loc":{"start":{"line":21,"column":41},"end":{"line":23,"column":1}},"line":21},"5":{"name":"conflict","decl":{"start":{"line":25,"column":9},"end":{"line":25,"column":17}},"loc":{"start":{"line":25,"column":40},"end":{"line":27,"column":1}},"line":25},"6":{"name":"unprocessable","decl":{"start":{"line":29,"column":9},"end":{"line":29,"column":22}},"loc":{"start":{"line":29,"column":57},"end":{"line":31,"column":1}},"line":29}},"branchMap":{"0":{"loc":{"start":{"line":13,"column":22},"end":{"line":13,"column":46}},"type":"default-arg","locations":[{"start":{"line":13,"column":32},"end":{"line":13,"column":46}}],"line":13},"1":{"loc":{"start":{"line":17,"column":19},"end":{"line":17,"column":40}},"type":"default-arg","locations":[{"start":{"line":17,"column":29},"end":{"line":17,"column":40}}],"line":17},"2":{"loc":{"start":{"line":21,"column":18},"end":{"line":21,"column":39}},"type":"default-arg","locations":[{"start":{"line":21,"column":28},"end":{"line":21,"column":39}}],"line":21},"3":{"loc":{"start":{"line":25,"column":18},"end":{"line":25,"column":38}},"type":"default-arg","locations":[{"start":{"line":25,"column":28},"end":{"line":25,"column":38}}],"line":25},"4":{"loc":{"start":{"line":29,"column":23},"end":{"line":29,"column":55}},"type":"default-arg","locations":[{"start":{"line":29,"column":33},"end":{"line":29,"column":55}}],"line":29}},"s":{"0":0,"1":0,"2":0,"3":0,"4":0,"5":0,"6":0,"7":0,"8":0,"9":3},"f":{"0":0,"1":0,"2":0,"3":0,"4":0,"5":0,"6":0},"b":{"0":[0],"1":[0],"2":[0],"3":[0],"4":[0]},"_coverageSchema":"1a1c01bbd47fc00a2c39e90264f33305004495a9","hash":"5426c421822963a25be54dc1d904a64818df3a81"}
,"C:\\Users\\ME\\Downloads\\كورس اسبرينت باك اند نود جي اس\\مشروع التخرج المشروع النهائي\\النهائي\\01\\المشروع النهائي بالملفات كاملة\\backend\\src\\utils\\dbTypeHelpers.js": {"path":"C:\\Users\\ME\\Downloads\\كورس اسبرينت باك اند نود جي اس\\مشروع التخرج المشروع النهائي\\النهائي\\01\\المشروع النهائي بالملفات كاملة\\backend\\src\\utils\\dbTypeHelpers.js","statementMap":{"0":{"start":{"line":2,"column":24},"end":{"line":2,"column":70}},"1":{"start":{"line":3,"column":2},"end":{"line":3,"column":63}},"2":{"start":{"line":6,"column":0},"end":{"line":8,"column":2}}},"fnMap":{"0":{"name":"getTimestampColumnType","decl":{"start":{"line":1,"column":9},"end":{"line":1,"column":31}},"loc":{"start":{"line":1,"column":34},"end":{"line":4,"column":1}},"line":1}},"branchMap":{"0":{"loc":{"start":{"line":2,"column":25},"end":{"line":2,"column":55}},"type":"binary-expr","locations":[{"start":{"line":2,"column":25},"end":{"line":2,"column":44}},{"start":{"line":2,"column":48},"end":{"line":2,"column":55}}],"line":2},"1":{"loc":{"start":{"line":3,"column":9},"end":{"line":3,"column":62}},"type":"cond-expr","locations":[{"start":{"line":3,"column":38},"end":{"line":3,"column":48}},{"start":{"line":3,"column":51},"end":{"line":3,"column":62}}],"line":3}},"s":{"0":45,"1":45,"2":3},"f":{"0":45},"b":{"0":[45,0],"1":[45,0]},"_coverageSchema":"1a1c01bbd47fc00a2c39e90264f33305004495a9","hash":"10c82a025f4b6eb4788e8b5f79b2dcaf5f55e47c"}
,"C:\\Users\\ME\\Downloads\\كورس اسبرينت باك اند نود جي اس\\مشروع التخرج المشروع النهائي\\النهائي\\01\\المشروع النهائي بالملفات كاملة\\backend\\src\\utils\\slug.js": {"path":"C:\\Users\\ME\\Downloads\\كورس اسبرينت باك اند نود جي اس\\مشروع التخرج المشروع النهائي\\النهائي\\01\\المشروع النهائي بالملفات كاملة\\backend\\src\\utils\\slug.js","statementMap":{"0":{"start":{"line":2,"column":2},"end":{"line":8,"column":25}},"1":{"start":{"line":11,"column":0},"end":{"line":13,"column":2}}},"fnMap":{"0":{"name":"slugify","decl":{"start":{"line":1,"column":9},"end":{"line":1,"column":16}},"loc":{"start":{"line":1,"column":23},"end":{"line":9,"column":1}},"line":1}},"branchMap":{},"s":{"0":3,"1":3},"f":{"0":3},"b":{},"_coverageSchema":"1a1c01bbd47fc00a2c39e90264f33305004495a9","hash":"10295132545fd2499128a1cec2a7d0c0453dbdde"}
,"C:\\Users\\ME\\Downloads\\كورس اسبرينت باك اند نود جي اس\\مشروع التخرج المشروع النهائي\\النهائي\\01\\المشروع النهائي بالملفات كاملة\\backend\\src\\validators\\authValidators.js": {"path":"C:\\Users\\ME\\Downloads\\كورس اسبرينت باك اند نود جي اس\\مشروع التخرج المشروع النهائي\\النهائي\\01\\المشروع النهائي بالملفات كاملة\\backend\\src\\validators\\authValidators.js","statementMap":{"0":{"start":{"line":1,"column":17},"end":{"line":1,"column":45}},"1":{"start":{"line":3,"column":26},"end":{"line":7,"column":1}},"2":{"start":{"line":9,"column":23},"end":{"line":12,"column":1}},"3":{"start":{"line":14,"column":0},"end":{"line":17,"column":2}}},"fnMap":{},"branchMap":{},"s":{"0":3,"1":3,"2":3,"3":3},"f":{},"b":{},"_coverageSchema":"1a1c01bbd47fc00a2c39e90264f33305004495a9","hash":"dbeef1bd606fd42e5a1f2a0005eef3a795cdfc15"}
,"C:\\Users\\ME\\Downloads\\كورس اسبرينت باك اند نود جي اس\\مشروع التخرج المشروع النهائي\\النهائي\\01\\المشروع النهائي بالملفات كاملة\\backend\\src\\validators\\cartValidators.js": {"path":"C:\\Users\\ME\\Downloads\\كورس اسبرينت باك اند نود جي اس\\مشروع التخرج المشروع النهائي\\النهائي\\01\\المشروع النهائي بالملفات كاملة\\backend\\src\\validators\\cartValidators.js","statementMap":{"0":{"start":{"line":1,"column":24},"end":{"line":1,"column":52}},"1":{"start":{"line":3,"column":26},"end":{"line":6,"column":1}},"2":{"start":{"line":8,"column":31},"end":{"line":8,"column":60}},"3":{"start":{"line":10,"column":0},"end":{"line":13,"column":2}}},"fnMap":{},"branchMap":{},"s":{"0":3,"1":3,"2":3,"3":3},"f":{},"b":{},"_coverageSchema":"1a1c01bbd47fc00a2c39e90264f33305004495a9","hash":"71c8984f3c090f98e0d73642fa41666e8f286c8b"}
,"C:\\Users\\ME\\Downloads\\كورس اسبرينت باك اند نود جي اس\\مشروع التخرج المشروع النهائي\\النهائي\\01\\المشروع النهائي بالملفات كاملة\\backend\\src\\validators\\categoryValidators.js": {"path":"C:\\Users\\ME\\Downloads\\كورس اسبرينت باك اند نود جي اس\\مشروع التخرج المشروع النهائي\\النهائي\\01\\المشروع النهائي بالملفات كاملة\\backend\\src\\validators\\categoryValidators.js","statementMap":{"0":{"start":{"line":1,"column":24},"end":{"line":1,"column":52}},"1":{"start":{"line":3,"column":28},"end":{"line":3,"column":50}},"2":{"start":{"line":5,"column":32},"end":{"line":8,"column":1}},"3":{"start":{"line":10,"column":32},"end":{"line":13,"column":1}},"4":{"start":{"line":15,"column":0},"end":{"line":19,"column":2}}},"fnMap":{},"branchMap":{},"s":{"0":3,"1":3,"2":3,"3":3,"4":3},"f":{},"b":{},"_coverageSchema":"1a1c01bbd47fc00a2c39e90264f33305004495a9","hash":"221c498879fe3f5021ca6db0bdb8d899f25f2200"}
,"C:\\Users\\ME\\Downloads\\كورس اسبرينت باك اند نود جي اس\\مشروع التخرج المشروع النهائي\\النهائي\\01\\المشروع النهائي بالملفات كاملة\\backend\\src\\validators\\orderValidators.js": {"path":"C:\\Users\\ME\\Downloads\\كورس اسبرينت باك اند نود جي اس\\مشروع التخرج المشروع النهائي\\النهائي\\01\\المشروع النهائي بالملفات كاملة\\backend\\src\\validators\\orderValidators.js","statementMap":{"0":{"start":{"line":1,"column":31},"end":{"line":1,"column":59}},"1":{"start":{"line":3,"column":21},"end":{"line":3,"column":43}},"2":{"start":{"line":5,"column":28},"end":{"line":8,"column":1}},"3":{"start":{"line":10,"column":33},"end":{"line":14,"column":1}},"4":{"start":{"line":16,"column":30},"end":{"line":16,"column":87}},"5":{"start":{"line":18,"column":0},"end":{"line":23,"column":2}}},"fnMap":{},"branchMap":{},"s":{"0":3,"1":3,"2":3,"3":3,"4":3,"5":3},"f":{},"b":{},"_coverageSchema":"1a1c01bbd47fc00a2c39e90264f33305004495a9","hash":"eb6b9156f9da9d2065391fbf10a3b43e7d9c9381"}
,"C:\\Users\\ME\\Downloads\\كورس اسبرينت باك اند نود جي اس\\مشروع التخرج المشروع النهائي\\النهائي\\01\\المشروع النهائي بالملفات كاملة\\backend\\src\\validators\\productValidators.js": {"path":"C:\\Users\\ME\\Downloads\\كورس اسبرينت باك اند نود جي اس\\مشروع التخرج المشروع النهائي\\النهائي\\01\\المشروع النهائي بالملفات كاملة\\backend\\src\\validators\\productValidators.js","statementMap":{"0":{"start":{"line":1,"column":31},"end":{"line":1,"column":59}},"1":{"start":{"line":3,"column":30},"end":{"line":10,"column":1}},"2":{"start":{"line":12,"column":27},"end":{"line":12,"column":49}},"3":{"start":{"line":14,"column":31},"end":{"line":20,"column":1}},"4":{"start":{"line":22,"column":31},"end":{"line":28,"column":1}},"5":{"start":{"line":30,"column":0},"end":{"line":35,"column":2}}},"fnMap":{},"branchMap":{},"s":{"0":3,"1":3,"2":3,"3":3,"4":3,"5":3},"f":{},"b":{},"_coverageSchema":"1a1c01bbd47fc00a2c39e90264f33305004495a9","hash":"ca09e2876700c8968e199e6a6d4e027312e285d1"}
}
