TN:
SF:src\app.js
FN:46,(anonymous_0)
FN:50,(anonymous_1)
FNF:2
FNH:0
FNDA:0,(anonymous_0)
FNDA:0,(anonymous_1)
DA:2,3
DA:3,3
DA:4,3
DA:5,3
DA:6,3
DA:7,3
DA:9,3
DA:11,3
DA:12,3
DA:13,3
DA:15,3
DA:17,3
DA:18,3
DA:19,3
DA:20,3
DA:21,3
DA:22,3
DA:23,3
DA:25,3
DA:27,3
DA:28,3
DA:29,3
DA:30,3
DA:31,3
DA:33,3
DA:35,3
DA:37,3
DA:38,3
DA:39,3
DA:40,3
DA:41,3
DA:42,3
DA:43,3
DA:44,3
DA:46,3
DA:47,0
DA:50,3
DA:51,0
DA:56,0
DA:57,0
DA:59,0
DA:62,3
DA:64,3
LF:43
LH:38
BRDA:31,0,0,0
BRDA:31,0,1,3
BRDA:51,1,0,0
BRDA:51,1,1,0
BRDA:52,2,0,0
BRDA:52,2,1,0
BRDA:52,2,2,0
BRF:7
BRH:1
end_of_record
TN:
SF:src\server.js
FN:10,startServer
FN:15,(anonymous_1)
FN:33,(anonymous_2)
FN:36,(anonymous_3)
FN:37,(anonymous_4)
FN:51,openSwaggerUI
FNF:6
FNH:0
FNDA:0,startServer
FNDA:0,(anonymous_1)
FNDA:0,(anonymous_2)
FNDA:0,(anonymous_3)
FNDA:0,(anonymous_4)
FNDA:0,openSwaggerUI
DA:2,0
DA:4,0
DA:5,0
DA:6,0
DA:8,0
DA:11,0
DA:12,0
DA:13,0
DA:15,0
DA:17,0
DA:28,0
DA:29,0
DA:33,0
DA:35,0
DA:36,0
DA:37,0
DA:38,0
DA:42,0
DA:43,0
DA:46,0
DA:47,0
DA:52,0
DA:53,0
DA:54,0
DA:55,0
DA:58,0
DA:62,0
LF:27
LH:0
BRDA:8,0,0,0
BRDA:8,0,1,0
BRDA:28,1,0,0
BRDA:28,1,1,0
BRF:4
BRH:0
end_of_record
TN:
SF:src\config\data-source.js
FNF:0
FNH:0
DA:1,3
DA:2,3
DA:3,3
DA:5,3
DA:7,3
DA:27,3
DA:28,0
DA:38,3
DA:39,3
DA:45,0
DA:48,3
LF:11
LH:9
BRDA:27,0,0,0
BRDA:27,0,1,3
BRDA:38,1,0,3
BRDA:38,1,1,0
BRF:4
BRH:2
end_of_record
TN:
SF:src\config\env.js
FN:7,requireEnv
FNF:1
FNH:1
FNDA:12,requireEnv
DA:1,3
DA:2,3
DA:4,3
DA:5,3
DA:8,12
DA:9,12
DA:10,0
DA:11,0
DA:13,0
DA:15,12
DA:18,3
LF:11
LH:8
BRDA:4,0,0,3
BRDA:4,0,1,0
BRDA:9,1,0,0
BRDA:9,1,1,12
BRDA:9,2,0,12
BRDA:9,2,1,12
BRDA:10,3,0,0
BRDA:10,3,1,0
BRF:8
BRH:4
end_of_record
TN:
SF:src\config\jwt.js
FNF:0
FNH:0
DA:1,3
DA:3,3
DA:4,3
DA:6,3
LF:4
LH:4
BRF:0
BRH:0
end_of_record
TN:
SF:src\controllers\authController.js
FN:10,(anonymous_0)
FN:24,(anonymous_1)
FN:35,(anonymous_2)
FNF:3
FNH:2
FNDA:1,(anonymous_0)
FNDA:8,(anonymous_1)
FNDA:0,(anonymous_2)
DA:2,3
DA:3,3
DA:4,3
DA:5,3
DA:7,3
DA:11,1
DA:12,1
DA:13,1
DA:14,1
DA:16,0
DA:21,3
DA:25,8
DA:26,8
DA:27,8
DA:28,8
DA:30,0
DA:35,3
DA:36,0
DA:37,0
DA:38,0
DA:40,0
DA:41,0
DA:44,0
DA:45,0
DA:47,0
DA:48,0
DA:50,0
DA:54,3
LF:28
LH:16
BRDA:37,0,0,0
BRDA:37,0,1,0
BRDA:38,1,0,0
BRDA:38,1,1,0
BRDA:40,2,0,0
BRDA:40,2,1,0
BRDA:45,3,0,0
BRDA:45,3,1,0
BRF:8
BRH:0
end_of_record
TN:
SF:src\controllers\cartController.js
FN:7,(anonymous_0)
FN:20,(anonymous_1)
FN:34,(anonymous_2)
FN:45,(anonymous_3)
FNF:4
FNH:2
FNDA:0,(anonymous_0)
FNDA:2,(anonymous_1)
FNDA:0,(anonymous_2)
FNDA:2,(anonymous_3)
DA:2,3
DA:3,3
DA:4,3
DA:6,3
DA:8,0
DA:9,0
DA:10,0
DA:12,0
DA:17,3
DA:21,2
DA:22,2
DA:23,2
DA:24,2
DA:26,0
DA:31,3
DA:35,0
DA:36,0
DA:37,0
DA:39,0
DA:44,3
DA:46,2
DA:47,2
DA:48,2
DA:50,0
DA:55,3
LF:25
LH:15
BRF:0
BRH:0
end_of_record
TN:
SF:src\controllers\categoryController.js
FN:11,(anonymous_0)
FN:24,(anonymous_1)
FN:37,(anonymous_2)
FN:52,(anonymous_3)
FN:65,(anonymous_4)
FNF:5
FNH:0
FNDA:0,(anonymous_0)
FNDA:0,(anonymous_1)
FNDA:0,(anonymous_2)
FNDA:0,(anonymous_3)
FNDA:0,(anonymous_4)
DA:2,3
DA:3,3
DA:8,3
DA:10,3
DA:12,0
DA:13,0
DA:14,0
DA:16,0
DA:21,3
DA:25,0
DA:26,0
DA:27,0
DA:29,0
DA:34,3
DA:38,0
DA:39,0
DA:40,0
DA:41,0
DA:43,0
DA:48,3
DA:53,0
DA:54,0
DA:55,0
DA:57,0
DA:62,3
DA:66,0
DA:67,0
DA:68,0
DA:70,0
DA:75,3
LF:30
LH:9
BRF:0
BRH:0
end_of_record
TN:
SF:src\controllers\orderController.js
FN:14,(anonymous_0)
FN:28,(anonymous_1)
FN:41,(anonymous_2)
FN:55,(anonymous_3)
FN:69,(anonymous_4)
FN:80,(anonymous_5)
FNF:6
FNH:4
FNDA:1,(anonymous_0)
FNDA:0,(anonymous_1)
FNDA:1,(anonymous_2)
FNDA:1,(anonymous_3)
FNDA:0,(anonymous_4)
FNDA:1,(anonymous_5)
DA:2,3
DA:3,3
DA:9,3
DA:11,3
DA:15,1
DA:16,1
DA:17,1
DA:18,1
DA:20,0
DA:25,3
DA:29,0
DA:30,0
DA:31,0
DA:33,0
DA:38,3
DA:42,1
DA:43,1
DA:44,1
DA:45,1
DA:47,0
DA:52,3
DA:56,1
DA:57,1
DA:58,1
DA:60,0
DA:65,3
DA:70,0
DA:71,0
DA:72,0
DA:74,0
DA:79,3
DA:81,1
DA:82,1
DA:83,1
DA:85,0
DA:90,3
LF:36
LH:24
BRF:0
BRH:0
end_of_record
TN:
SF:src\controllers\productController.js
FN:14,(anonymous_0)
FN:28,(anonymous_1)
FN:41,(anonymous_2)
FN:56,(anonymous_3)
FN:69,(anonymous_4)
FNF:5
FNH:3
FNDA:2,(anonymous_0)
FNDA:0,(anonymous_1)
FNDA:3,(anonymous_2)
FNDA:0,(anonymous_3)
FNDA:1,(anonymous_4)
DA:2,3
DA:3,3
DA:9,3
DA:11,3
DA:15,2
DA:16,2
DA:17,2
DA:18,2
DA:20,0
DA:25,3
DA:29,0
DA:30,0
DA:31,0
DA:33,0
DA:38,3
DA:42,3
DA:43,3
DA:44,3
DA:45,3
DA:47,0
DA:52,3
DA:57,0
DA:58,0
DA:59,0
DA:61,0
DA:66,3
DA:70,1
DA:71,1
DA:72,1
DA:74,0
DA:79,3
LF:31
LH:20
BRF:0
BRH:0
end_of_record
TN:
SF:src\controllers\userController.js
FN:6,(anonymous_0)
FNF:1
FNH:1
FNDA:1,(anonymous_0)
DA:2,3
DA:3,3
DA:5,3
DA:7,1
DA:8,1
DA:9,1
DA:10,1
DA:12,0
DA:17,3
LF:9
LH:8
BRF:0
BRH:0
end_of_record
TN:
SF:src\middleware\authJwt.js
FN:9,loadUser
FN:14,authenticate
FN:15,(anonymous_2)
FN:50,authorizeAdmin
FN:51,(anonymous_4)
FNF:5
FNH:5
FNDA:13,loadUser
FNDA:54,authenticate
FNDA:13,(anonymous_2)
FNDA:30,authorizeAdmin
FNDA:7,(anonymous_4)
DA:2,3
DA:3,3
DA:4,3
DA:5,3
DA:6,3
DA:7,3
DA:10,13
DA:11,13
DA:15,54
DA:16,13
DA:17,13
DA:18,13
DA:19,13
DA:20,0
DA:22,13
DA:23,0
DA:26,13
DA:27,13
DA:28,13
DA:29,13
DA:30,13
DA:31,0
DA:33,13
DA:39,13
DA:41,0
DA:42,0
DA:43,0
DA:45,0
DA:51,30
DA:52,7
DA:53,0
DA:54,0
DA:56,7
DA:60,3
LF:34
LH:25
BRDA:17,0,0,13
BRDA:17,0,1,0
BRDA:18,1,0,13
BRDA:18,1,1,0
BRDA:19,2,0,0
BRDA:19,2,1,13
BRDA:22,3,0,0
BRDA:22,3,1,13
BRDA:30,4,0,0
BRDA:30,4,1,13
BRDA:41,5,0,0
BRDA:41,5,1,0
BRDA:41,6,0,0
BRDA:41,6,1,0
BRDA:52,7,0,0
BRDA:52,7,1,7
BRDA:52,8,0,7
BRDA:52,8,1,7
BRF:18
BRH:8
end_of_record
TN:
SF:src\middleware\errorHandler.js
FN:4,errorHandler
FNF:1
FNH:0
FNDA:0,errorHandler
DA:2,3
DA:5,0
DA:6,0
DA:7,0
DA:9,0
DA:11,0
DA:14,3
LF:7
LH:2
BRDA:5,0,0,0
BRDA:5,0,1,0
BRDA:6,1,0,0
BRDA:6,1,1,0
BRDA:7,2,0,0
BRDA:7,2,1,0
BRF:6
BRH:0
end_of_record
TN:
SF:src\middleware\rateLimit.js
FNF:0
FNH:0
DA:2,3
DA:4,3
DA:12,3
DA:19,3
LF:4
LH:4
BRF:0
BRH:0
end_of_record
TN:
SF:src\middleware\validate.js
FN:4,validate
FN:9,(anonymous_1)
FNF:2
FNH:1
FNDA:20,validate
FNDA:0,(anonymous_1)
DA:1,3
DA:2,3
DA:5,20
DA:6,20
DA:7,0
DA:9,0
DA:11,0
DA:12,0
DA:14,20
DA:17,3
LF:10
LH:6
BRDA:6,0,0,0
BRDA:6,0,1,20
BRF:2
BRH:1
end_of_record
TN:
SF:src\models\Cart.js
FNF:0
FNH:0
DA:2,3
DA:3,3
DA:5,3
LF:3
LH:3
BRF:0
BRH:0
end_of_record
TN:
SF:src\models\CartItem.js
FNF:0
FNH:0
DA:2,3
DA:3,3
DA:5,3
LF:3
LH:3
BRF:0
BRH:0
end_of_record
TN:
SF:src\models\Category.js
FNF:0
FNH:0
DA:2,3
DA:3,3
DA:5,3
LF:3
LH:3
BRF:0
BRH:0
end_of_record
TN:
SF:src\models\Order.js
FNF:0
FNH:0
DA:2,3
DA:3,3
DA:5,3
LF:3
LH:3
BRF:0
BRH:0
end_of_record
TN:
SF:src\models\OrderItem.js
FNF:0
FNH:0
DA:1,3
DA:2,3
DA:4,3
LF:3
LH:3
BRF:0
BRH:0
end_of_record
TN:
SF:src\models\Product.js
FNF:0
FNH:0
DA:2,3
DA:3,3
DA:5,3
LF:3
LH:3
BRF:0
BRH:0
end_of_record
TN:
SF:src\models\User.js
FNF:0
FNH:0
DA:2,3
DA:3,3
DA:5,3
LF:3
LH:3
BRF:0
BRH:0
end_of_record
TN:
SF:src\routes\adminRoutes.js
FNF:0
FNH:0
DA:2,3
DA:3,3
DA:4,3
DA:6,3
DA:8,3
DA:9,3
DA:10,3
DA:12,3
LF:8
LH:8
BRF:0
BRH:0
end_of_record
TN:
SF:src\routes\authRoutes.js
FNF:0
FNH:0
DA:2,3
DA:3,3
DA:4,3
DA:5,3
DA:7,3
DA:9,3
DA:10,3
DA:11,3
DA:13,3
LF:9
LH:9
BRF:0
BRH:0
end_of_record
TN:
SF:src\routes\cartRoutes.js
FNF:0
FNH:0
DA:2,3
DA:3,3
DA:4,3
DA:6,3
DA:8,3
DA:9,3
DA:10,3
DA:11,3
DA:13,3
LF:9
LH:9
BRF:0
BRH:0
end_of_record
TN:
SF:src\routes\categoryRoutes.js
FNF:0
FNH:0
DA:2,3
DA:3,3
DA:4,3
DA:6,3
DA:8,3
DA:9,3
DA:10,3
DA:11,3
DA:12,3
DA:14,3
LF:10
LH:10
BRF:0
BRH:0
end_of_record
TN:
SF:src\routes\orderRoutes.js
FNF:0
FNH:0
DA:2,3
DA:3,3
DA:4,3
DA:6,3
DA:8,3
DA:9,3
DA:11,3
DA:13,3
LF:8
LH:8
BRF:0
BRH:0
end_of_record
TN:
SF:src\routes\productRoutes.js
FNF:0
FNH:0
DA:2,3
DA:3,3
DA:4,3
DA:6,3
DA:8,3
DA:9,3
DA:10,3
DA:11,3
DA:12,3
DA:14,3
LF:10
LH:10
BRF:0
BRH:0
end_of_record
TN:
SF:src\routes\userRoutes.js
FNF:0
FNH:0
DA:2,3
DA:3,3
DA:4,3
DA:6,3
DA:8,3
DA:10,3
LF:6
LH:6
BRF:0
BRH:0
end_of_record
TN:
SF:src\services\authService.js
FN:7,toPublicUser
FN:12,signToken
FN:21,register
FN:27,login
FN:36,logout
FNF:5
FNH:4
FNDA:10,toPublicUser
FNDA:9,signToken
FNDA:1,register
FNDA:8,login
FNDA:0,logout
DA:1,3
DA:2,3
DA:3,3
DA:4,3
DA:5,3
DA:8,10
DA:9,10
DA:13,9
DA:18,9
DA:22,1
DA:23,1
DA:24,1
DA:28,8
DA:29,8
DA:30,0
DA:32,8
DA:33,8
DA:37,0
DA:40,3
LF:19
LH:17
BRDA:29,0,0,0
BRDA:29,0,1,8
BRF:2
BRH:1
end_of_record
TN:
SF:src\services\cartService.js
FN:9,cartRepo
FN:13,cartItemRepo
FN:17,orderRepo
FN:21,getActiveCart
FN:35,calculateTotals
FN:36,(anonymous_5)
FN:42,addOrUpdateItem
FN:63,(anonymous_7)
FN:100,removeItem
FN:109,(anonymous_9)
FN:114,(anonymous_10)
FN:120,checkout
FN:154,(anonymous_12)
FNF:13
FNH:5
FNDA:0,cartRepo
FNDA:0,cartItemRepo
FNDA:0,orderRepo
FNDA:0,getActiveCart
FNDA:6,calculateTotals
FNDA:6,(anonymous_5)
FNDA:2,addOrUpdateItem
FNDA:0,(anonymous_7)
FNDA:0,removeItem
FNDA:0,(anonymous_9)
FNDA:0,(anonymous_10)
FNDA:2,checkout
FNDA:2,(anonymous_12)
DA:1,3
DA:2,3
DA:3,3
DA:4,3
DA:5,3
DA:6,3
DA:7,3
DA:10,0
DA:14,0
DA:18,0
DA:22,0
DA:23,0
DA:27,0
DA:28,0
DA:29,0
DA:30,0
DA:32,0
DA:36,6
DA:37,6
DA:38,6
DA:39,6
DA:43,2
DA:44,0
DA:46,2
DA:47,2
DA:48,2
DA:49,2
DA:50,2
DA:51,2
DA:55,2
DA:56,2
DA:57,2
DA:58,2
DA:61,2
DA:63,2
DA:64,2
DA:65,2
DA:72,2
DA:73,2
DA:75,0
DA:76,0
DA:77,0
DA:78,0
DA:81,2
DA:82,2
DA:84,2
DA:86,2
DA:91,2
DA:93,0
DA:94,0
DA:96,2
DA:101,0
DA:102,0
DA:106,0
DA:107,0
DA:109,0
DA:110,0
DA:111,0
DA:113,0
DA:114,0
DA:115,0
DA:116,0
DA:117,0
DA:121,2
DA:122,2
DA:123,2
DA:124,2
DA:125,2
DA:126,2
DA:130,2
DA:131,0
DA:134,2
DA:136,2
DA:137,2
DA:140,2
DA:141,2
DA:144,2
DA:152,2
DA:154,2
DA:155,2
DA:163,2
DA:165,2
DA:166,2
DA:168,2
DA:170,2
DA:172,0
DA:173,0
DA:175,2
DA:179,3
LF:89
LH:57
BRDA:27,0,0,0
BRDA:27,0,1,0
BRDA:43,1,0,0
BRDA:43,1,1,2
BRDA:43,2,0,2
BRDA:43,2,1,2
BRDA:43,2,2,2
BRDA:55,3,0,2
BRDA:55,3,1,0
BRDA:64,4,0,2
BRDA:64,4,1,0
BRDA:106,5,0,0
BRDA:106,5,1,0
BRDA:110,6,0,0
BRDA:110,6,1,0
BRDA:130,7,0,0
BRDA:130,7,1,2
BRDA:130,8,0,2
BRDA:130,8,1,2
BRF:19
BRH:9
end_of_record
TN:
SF:src\services\categoryService.js
FN:5,categoryRepo
FN:9,listCategories
FN:14,getCategoryById
FN:23,createCategory
FN:33,updateCategory
FN:49,deleteCategory
FNF:6
FNH:0
FNDA:0,categoryRepo
FNDA:0,listCategories
FNDA:0,getCategoryById
FNDA:0,createCategory
FNDA:0,updateCategory
FNDA:0,deleteCategory
DA:1,3
DA:2,3
DA:3,3
DA:6,0
DA:10,0
DA:11,0
DA:15,0
DA:16,0
DA:17,0
DA:18,0
DA:20,0
DA:24,0
DA:25,0
DA:26,0
DA:27,0
DA:29,0
DA:30,0
DA:34,0
DA:35,0
DA:36,0
DA:37,0
DA:38,0
DA:39,0
DA:41,0
DA:43,0
DA:44,0
DA:46,0
DA:50,0
DA:51,0
DA:52,0
DA:53,0
DA:56,3
LF:32
LH:4
BRDA:17,0,0,0
BRDA:17,0,1,0
BRDA:26,1,0,0
BRDA:26,1,1,0
BRDA:36,2,0,0
BRDA:36,2,1,0
BRDA:36,3,0,0
BRDA:36,3,1,0
BRDA:38,4,0,0
BRDA:38,4,1,0
BRDA:43,5,0,0
BRDA:43,5,1,0
BRF:12
BRH:0
end_of_record
TN:
SF:src\services\mailSvc.js
FN:2,sendMail
FNF:1
FNH:0
FNDA:0,sendMail
DA:3,0
DA:4,0
DA:7,0
DA:14,0
DA:16,0
DA:19,0
DA:22,0
LF:7
LH:0
BRDA:3,0,0,0
BRDA:3,0,1,0
BRDA:3,1,0,0
BRDA:3,1,1,0
BRDA:10,2,0,0
BRDA:10,2,1,0
BRDA:11,3,0,0
BRDA:11,3,1,0
BRDA:14,4,0,0
BRDA:14,4,1,0
BRF:10
BRH:0
end_of_record
TN:
SF:src\services\orderService.js
FN:10,orderRepo
FN:14,listUserOrders
FN:38,getOrderDetail
FN:53,updateOrderStatus
FN:67,listOrdersAdmin
FN:97,getAdminMetrics
FN:124,(anonymous_6)
FNF:7
FNH:6
FNDA:5,orderRepo
FNDA:1,listUserOrders
FNDA:1,getOrderDetail
FNDA:0,updateOrderStatus
FNDA:1,listOrdersAdmin
FNDA:1,getAdminMetrics
FNDA:1,(anonymous_6)
DA:1,3
DA:2,3
DA:3,3
DA:4,3
DA:5,3
DA:6,3
DA:8,3
DA:11,5
DA:15,1
DA:16,1
DA:17,1
DA:19,1
DA:27,1
DA:39,1
DA:40,1
DA:44,1
DA:45,0
DA:47,1
DA:48,0
DA:50,1
DA:54,0
DA:55,0
DA:57,0
DA:58,0
DA:59,0
DA:60,0
DA:62,0
DA:63,0
DA:64,0
DA:68,1
DA:69,1
DA:76,1
DA:77,0
DA:80,1
DA:81,1
DA:82,1
DA:84,1
DA:86,1
DA:98,1
DA:102,1
DA:104,1
DA:109,1
DA:111,1
DA:115,1
DA:117,1
DA:124,1
DA:125,1
DA:126,1
DA:129,1
DA:137,3
LF:50
LH:38
BRDA:14,0,0,0
BRDA:14,1,0,1
BRDA:14,2,0,1
BRDA:16,3,0,1
BRDA:16,3,1,0
BRDA:17,4,0,1
BRDA:17,4,1,0
BRDA:33,5,0,1
BRDA:33,5,1,0
BRDA:38,6,0,0
BRDA:44,7,0,0
BRDA:44,7,1,1
BRDA:47,8,0,0
BRDA:47,8,1,1
BRDA:47,9,0,1
BRDA:47,9,1,0
BRDA:54,10,0,0
BRDA:54,10,1,0
BRDA:59,11,0,0
BRDA:59,11,1,0
BRDA:67,12,0,1
BRDA:67,13,0,1
BRDA:76,14,0,0
BRDA:76,14,1,1
BRDA:80,15,0,1
BRDA:80,15,1,0
BRDA:81,16,0,1
BRDA:81,16,1,0
BRDA:92,17,0,1
BRDA:92,17,1,0
BRDA:102,18,0,1
BRDA:102,18,1,0
BRDA:109,19,0,1
BRDA:109,19,1,0
BRDA:115,20,0,1
BRDA:115,20,1,0
BRF:36
BRH:17
end_of_record
TN:
SF:src\services\paymentSvc.js
FN:2,charge
FN:10,(anonymous_1)
FNF:2
FNH:0
FNDA:0,charge
FNDA:0,(anonymous_1)
DA:3,0
DA:4,0
DA:6,0
DA:7,0
DA:10,0
DA:12,0
DA:19,0
LF:7
LH:0
BRDA:3,0,0,0
BRDA:3,0,1,0
BRDA:3,1,0,0
BRDA:3,1,1,0
BRDA:6,2,0,0
BRDA:6,2,1,0
BRDA:6,3,0,0
BRDA:6,3,1,0
BRF:8
BRH:0
end_of_record
TN:
SF:src\services\productService.js
FN:7,productRepo
FN:11,categoryRepo
FN:15,generateUniqueSlug
FN:27,resolveSort
FN:36,listProducts
FN:74,getProductById
FN:83,createProduct
FN:107,updateProduct
FN:140,softDeleteProduct
FN:147,ensureStock
FN:162,decrementStock
FNF:11
FNH:10
FNDA:13,productRepo
FNDA:3,categoryRepo
FNDA:3,generateUniqueSlug
FNDA:2,resolveSort
FNDA:2,listProducts
FNDA:4,getProductById
FNDA:3,createProduct
FNDA:0,updateProduct
FNDA:1,softDeleteProduct
FNDA:4,ensureStock
FNDA:2,decrementStock
DA:1,3
DA:2,3
DA:3,3
DA:4,3
DA:5,3
DA:8,13
DA:12,3
DA:16,3
DA:17,3
DA:18,3
DA:19,3
DA:20,3
DA:21,0
DA:22,0
DA:24,3
DA:28,2
DA:33,2
DA:37,2
DA:38,2
DA:43,2
DA:44,0
DA:45,0
DA:50,2
DA:51,0
DA:54,2
DA:55,2
DA:56,2
DA:58,2
DA:59,2
DA:60,2
DA:62,2
DA:63,2
DA:75,4
DA:76,4
DA:77,4
DA:78,0
DA:80,4
DA:84,3
DA:85,0
DA:87,3
DA:88,3
DA:89,3
DA:90,0
DA:93,3
DA:94,3
DA:95,3
DA:103,3
DA:104,3
DA:108,0
DA:109,0
DA:111,0
DA:112,0
DA:113,0
DA:114,0
DA:116,0
DA:119,0
DA:120,0
DA:121,0
DA:124,0
DA:125,0
DA:128,0
DA:129,0
DA:132,0
DA:133,0
DA:136,0
DA:137,0
DA:141,1
DA:142,1
DA:143,1
DA:144,1
DA:148,4
DA:149,4
DA:150,4
DA:151,0
DA:153,4
DA:154,0
DA:156,4
DA:157,0
DA:159,4
DA:163,2
DA:164,2
DA:167,3
LF:82
LH:53
BRDA:33,0,0,2
BRDA:33,0,1,0
BRDA:36,1,0,2
BRDA:36,2,0,2
BRDA:36,3,0,2
BRDA:36,4,0,2
BRDA:43,5,0,0
BRDA:43,5,1,2
BRDA:50,6,0,0
BRDA:50,6,1,2
BRDA:55,7,0,0
BRDA:55,7,1,2
BRDA:58,8,0,2
BRDA:58,8,1,0
BRDA:59,9,0,2
BRDA:59,9,1,0
BRDA:69,10,0,2
BRDA:69,10,1,1
BRDA:74,11,0,4
BRDA:74,12,0,4
BRDA:77,13,0,0
BRDA:77,13,1,4
BRDA:77,14,0,4
BRDA:77,14,1,4
BRDA:77,14,2,4
BRDA:84,15,0,0
BRDA:84,15,1,3
BRDA:89,16,0,0
BRDA:89,16,1,3
BRDA:111,17,0,0
BRDA:111,17,1,0
BRDA:113,18,0,0
BRDA:113,18,1,0
BRDA:119,19,0,0
BRDA:119,19,1,0
BRDA:119,20,0,0
BRDA:119,20,1,0
BRDA:124,21,0,0
BRDA:124,21,1,0
BRDA:128,22,0,0
BRDA:128,22,1,0
BRDA:132,23,0,0
BRDA:132,23,1,0
BRDA:148,24,0,4
BRDA:148,24,1,0
BRDA:150,25,0,0
BRDA:150,25,1,4
BRDA:153,26,0,0
BRDA:153,26,1,4
BRDA:156,27,0,0
BRDA:156,27,1,4
BRDA:163,28,0,2
BRDA:163,28,1,0
BRF:53
BRH:25
end_of_record
TN:
SF:src\services\promoSvc.js
FN:9,applyPromo
FNF:1
FNH:0
FNDA:0,applyPromo
DA:2,0
DA:4,0
DA:10,0
DA:11,0
DA:13,0
DA:14,0
DA:15,0
DA:18,0
DA:19,0
DA:20,0
DA:21,0
DA:22,0
DA:25,0
DA:27,0
DA:34,0
LF:15
LH:0
BRDA:10,0,0,0
BRDA:10,0,1,0
BRDA:14,1,0,0
BRDA:14,1,1,0
BRDA:19,2,0,0
BRDA:19,2,1,0
BRDA:21,3,0,0
BRDA:21,3,1,0
BRF:8
BRH:0
end_of_record
TN:
SF:src\services\tokenBlacklistService.js
FN:3,scheduleRemoval
FN:8,(anonymous_1)
FN:13,add
FN:24,isBlacklisted
FNF:4
FNH:1
FNDA:0,scheduleRemoval
FNDA:0,(anonymous_1)
FNDA:0,add
FNDA:13,isBlacklisted
DA:1,3
DA:4,0
DA:5,0
DA:6,0
DA:8,0
DA:9,0
DA:15,0
DA:16,0
DA:18,0
DA:20,0
DA:21,0
DA:25,13
DA:26,13
DA:27,13
DA:29,0
DA:30,0
DA:31,0
DA:33,0
DA:36,3
LF:19
LH:5
BRDA:5,0,0,0
BRDA:5,0,1,0
BRDA:15,1,0,0
BRDA:15,1,1,0
BRDA:26,2,0,13
BRDA:26,2,1,0
BRDA:29,3,0,0
BRDA:29,3,1,0
BRF:8
BRH:1
end_of_record
TN:
SF:src\services\userService.js
FN:8,getUserRepo
FN:12,hashPassword
FN:16,createUser
FN:29,validateCredentials
FN:42,getUserById
FNF:5
FNH:5
FNDA:10,getUserRepo
FNDA:1,hashPassword
FNDA:1,createUser
FNDA:8,validateCredentials
FNDA:1,getUserById
DA:1,3
DA:2,3
DA:3,3
DA:4,3
DA:6,3
DA:9,10
DA:13,1
DA:17,1
DA:18,1
DA:19,1
DA:20,0
DA:22,1
DA:23,1
DA:24,1
DA:25,1
DA:26,1
DA:30,8
DA:31,8
DA:32,8
DA:33,0
DA:35,8
DA:36,8
DA:37,0
DA:39,8
DA:43,1
DA:44,1
DA:45,1
DA:46,0
DA:48,1
DA:51,3
LF:30
LH:26
BRDA:16,0,0,1
BRDA:19,1,0,0
BRDA:19,1,1,1
BRDA:32,2,0,0
BRDA:32,2,1,8
BRDA:36,3,0,0
BRDA:36,3,1,8
BRDA:45,4,0,0
BRDA:45,4,1,1
BRF:9
BRH:5
end_of_record
TN:
SF:src\utils\apiError.js
FN:2,(anonymous_0)
FN:9,badRequest
FN:13,unauthorized
FN:17,forbidden
FN:21,notFound
FN:25,conflict
FN:29,unprocessable
FNF:7
FNH:0
FNDA:0,(anonymous_0)
FNDA:0,badRequest
FNDA:0,unauthorized
FNDA:0,forbidden
FNDA:0,notFound
FNDA:0,conflict
FNDA:0,unprocessable
DA:3,0
DA:4,0
DA:5,0
DA:10,0
DA:14,0
DA:18,0
DA:22,0
DA:26,0
DA:30,0
DA:33,3
LF:10
LH:1
BRDA:13,0,0,0
BRDA:17,1,0,0
BRDA:21,2,0,0
BRDA:25,3,0,0
BRDA:29,4,0,0
BRF:5
BRH:0
end_of_record
TN:
SF:src\utils\dbTypeHelpers.js
FN:1,getTimestampColumnType
FNF:1
FNH:1
FNDA:45,getTimestampColumnType
DA:2,45
DA:3,45
DA:6,3
LF:3
LH:3
BRDA:2,0,0,45
BRDA:2,0,1,0
BRDA:3,1,0,45
BRDA:3,1,1,0
BRF:4
BRH:2
end_of_record
TN:
SF:src\utils\slug.js
FN:1,slugify
FNF:1
FNH:1
FNDA:3,slugify
DA:2,3
DA:11,3
LF:2
LH:2
BRF:0
BRH:0
end_of_record
TN:
SF:src\validators\authValidators.js
FNF:0
FNH:0
DA:1,3
DA:3,3
DA:9,3
DA:14,3
LF:4
LH:4
BRF:0
BRH:0
end_of_record
TN:
SF:src\validators\cartValidators.js
FNF:0
FNH:0
DA:1,3
DA:3,3
DA:8,3
DA:10,3
LF:4
LH:4
BRF:0
BRH:0
end_of_record
TN:
SF:src\validators\categoryValidators.js
FNF:0
FNH:0
DA:1,3
DA:3,3
DA:5,3
DA:10,3
DA:15,3
LF:5
LH:5
BRF:0
BRH:0
end_of_record
TN:
SF:src\validators\orderValidators.js
FNF:0
FNH:0
DA:1,3
DA:3,3
DA:5,3
DA:10,3
DA:16,3
DA:18,3
LF:6
LH:6
BRF:0
BRH:0
end_of_record
TN:
SF:src\validators\productValidators.js
FNF:0
FNH:0
DA:1,3
DA:3,3
DA:12,3
DA:14,3
DA:22,3
DA:30,3
LF:6
LH:6
BRF:0
BRH:0
end_of_record
